I20230910 13:24:20.821769     1 MetaDaemon.cpp:137] localhost = "nebula-metad0":9559
I20230910 13:24:20.827203     1 NebulaStore.cpp:48] Start the raft service...
I20230910 13:24:20.827977     1 NebulaSnapshotManager.cpp:25] Send snapshot is rate limited to 10485760 for each part by default
I20230910 13:24:20.944087     1 RaftexService.cpp:46] Start raft service on 9560
I20230910 13:24:20.944651     1 NebulaStore.cpp:82] Scan the local path, and init the spaces_
E20230910 13:24:20.944689     1 FileUtils.cpp:377] Failed to read the directory "/data/meta/nebula" (2): No such file or directory
I20230910 13:24:20.945377     1 NebulaStore.cpp:292] Init data from partManager for "nebula-metad0":9559
I20230910 13:24:20.945407     1 NebulaStore.cpp:417] Create data space 0
I20230910 13:24:20.988065    73 RocksEngine.cpp:107] open rocksdb on /data/meta/nebula/0/data
I20230910 13:24:21.018605     1 NebulaStore.cpp:480] Space 0, part 0 has been added, asLearner 0
I20230910 13:24:21.018647     1 NebulaStore.cpp:75] Register handler...
I20230910 13:24:21.018657     1 MetaDaemonInit.cpp:106] Waiting for the leader elected...
I20230910 13:24:21.018666     1 MetaDaemonInit.cpp:118] Leader has not been elected, sleep 1s
I20230910 13:24:22.018754     1 KVBasedClusterIdMan.h:118] There is no clusterId existed in kvstore!
I20230910 13:24:22.018777     1 MetaDaemonInit.cpp:126] I am leader, create cluster Id
I20230910 13:24:22.018793     1 KVBasedClusterIdMan.h:45] Create ClusterId 4092346548590204318
I20230910 13:24:22.027065    35 KVBasedClusterIdMan.h:151] Put key __meta_cluster_id_key__, val 4092346548590204318
I20230910 13:24:22.027261     1 RocksEngine.cpp:610] Target checkpoint data path : /data/meta/nebula/0/checkpoints/META_UPGRADE_SNAPSHOT_2023_09_10_13_24_22/data
I20230910 13:24:22.055194     1 MetaDaemonInit.cpp:169] Nebula store init succeeded, clusterId 4092346548590204318
I20230910 13:24:22.055213     1 MetaDaemon.cpp:150] Start http service
I20230910 13:24:22.055418     1 MetaDaemonInit.cpp:226] Starting Meta HTTP Service
I20230910 13:24:22.094590    96 WebService.cpp:124] Web service started on HTTP[19559]
I20230910 13:24:22.105345     1 MetaDaemonInit.cpp:192] Check root user
I20230910 13:24:22.105398     1 RootUserMan.h:40] God user is not exists
I20230910 13:24:22.105413     1 RootUserMan.h:58] Init root user
I20230910 13:24:22.127769     1 MetaDaemon.cpp:193] The meta daemon start on "nebula-metad0":9559
I20230910 13:24:22.127977     1 JobManager.cpp:64] JobManager initialized
I20230910 13:24:22.128186   102 JobManager.cpp:150] JobManager::scheduleThread enter
I20230910 13:24:22.244256   116 HBProcessor.cpp:33] Receive heartbeat from "nebula-storaged0":9779, role = STORAGE
I20230910 13:24:22.249009   116 HBProcessor.cpp:41] Machine "nebula-storaged0":9779 is not registered
I20230910 13:24:23.005228   116 HBProcessor.cpp:33] Receive heartbeat from "nebula-graphd":9669, role = GRAPH
I20230910 13:24:23.005270   116 HBProcessor.cpp:89] Update host "nebula-graphd":9669 dir info, root path: /usr/local/nebula, data path size: 0
I20230910 13:24:23.069196   116 SessionManagerProcessor.cpp:136] resp session size: 0
I20230910 13:24:23.089658   116 SessionManagerProcessor.cpp:136] resp session size: 0
I20230910 13:24:23.265973   116 HBProcessor.cpp:33] Receive heartbeat from "nebula-storaged0":9779, role = STORAGE
I20230910 13:24:23.266026   116 HBProcessor.cpp:41] Machine "nebula-storaged0":9779 is not registered
I20230910 13:24:24.268059   116 HBProcessor.cpp:33] Receive heartbeat from "nebula-storaged0":9779, role = STORAGE
I20230910 13:24:24.268319   116 HBProcessor.cpp:41] Machine "nebula-storaged0":9779 is not registered
I20230910 13:24:25.270419   116 HBProcessor.cpp:33] Receive heartbeat from "nebula-storaged0":9779, role = STORAGE
I20230910 13:24:25.270474   116 HBProcessor.cpp:41] Machine "nebula-storaged0":9779 is not registered
I20230910 13:24:33.545336   116 HBProcessor.cpp:33] Receive heartbeat from "nebula-graphd":9669, role = GRAPH
I20230910 13:24:35.277179   116 HBProcessor.cpp:33] Receive heartbeat from "nebula-storaged0":9779, role = STORAGE
I20230910 13:24:35.277252   116 HBProcessor.cpp:41] Machine "nebula-storaged0":9779 is not registered
I20230910 13:24:36.278860   116 HBProcessor.cpp:33] Receive heartbeat from "nebula-storaged0":9779, role = STORAGE
I20230910 13:24:36.278918   116 HBProcessor.cpp:41] Machine "nebula-storaged0":9779 is not registered
I20230910 13:24:37.281481   116 HBProcessor.cpp:33] Receive heartbeat from "nebula-storaged0":9779, role = STORAGE
I20230910 13:24:37.281599   116 HBProcessor.cpp:41] Machine "nebula-storaged0":9779 is not registered
I20230910 13:24:38.283419   116 HBProcessor.cpp:33] Receive heartbeat from "nebula-storaged0":9779, role = STORAGE
I20230910 13:24:38.283476   116 HBProcessor.cpp:41] Machine "nebula-storaged0":9779 is not registered
I20230910 13:24:43.556434   116 HBProcessor.cpp:33] Receive heartbeat from "nebula-graphd":9669, role = GRAPH
I20230910 13:24:48.286949   116 HBProcessor.cpp:33] Receive heartbeat from "nebula-storaged0":9779, role = STORAGE
I20230910 13:24:48.287072   116 HBProcessor.cpp:41] Machine "nebula-storaged0":9779 is not registered
I20230910 13:24:49.289908   116 HBProcessor.cpp:33] Receive heartbeat from "nebula-storaged0":9779, role = STORAGE
I20230910 13:24:49.290040   116 HBProcessor.cpp:41] Machine "nebula-storaged0":9779 is not registered
I20230910 13:24:50.292806   116 HBProcessor.cpp:33] Receive heartbeat from "nebula-storaged0":9779, role = STORAGE
I20230910 13:24:50.292971   116 HBProcessor.cpp:41] Machine "nebula-storaged0":9779 is not registered
I20230910 13:24:51.296295   116 HBProcessor.cpp:33] Receive heartbeat from "nebula-storaged0":9779, role = STORAGE
I20230910 13:24:51.296352   116 HBProcessor.cpp:41] Machine "nebula-storaged0":9779 is not registered
I20230910 13:24:51.436717   116 HBProcessor.cpp:33] Receive heartbeat from "nebula-storaged0":9779, role = STORAGE
I20230910 13:24:51.436846   116 HBProcessor.cpp:41] Machine "nebula-storaged0":9779 is not registered
I20230910 13:24:52.458066   116 HBProcessor.cpp:33] Receive heartbeat from "nebula-storaged0":9779, role = STORAGE
I20230910 13:24:52.458192   116 HBProcessor.cpp:41] Machine "nebula-storaged0":9779 is not registered
I20230910 13:24:53.460991   116 HBProcessor.cpp:33] Receive heartbeat from "nebula-storaged0":9779, role = STORAGE
I20230910 13:24:53.461100   116 HBProcessor.cpp:41] Machine "nebula-storaged0":9779 is not registered
I20230910 13:24:54.463183   116 HBProcessor.cpp:33] Receive heartbeat from "nebula-storaged0":9779, role = STORAGE
I20230910 13:24:54.463222   116 HBProcessor.cpp:41] Machine "nebula-storaged0":9779 is not registered
I20230910 13:24:54.813961     1 MetaDaemon.cpp:230] Signal 15(Terminated) received, stopping this server
I20230910 13:24:54.817759     1 JobManager.cpp:138] JobManager::shutDown() begin
I20230910 13:24:54.821096   102 JobManager.cpp:155] Detect shutdown called, exit
I20230910 13:24:54.821153   102 JobDescription.cpp:113] Loading job description failed, error: E_JOB_NOT_IN_SPACE
I20230910 13:24:54.821213   102 JobManager.cpp:175] Load an invalid job from space 0 jodId 0
I20230910 13:24:54.821305     1 JobManager.cpp:146] JobManager::shutDown() end
I20230910 13:24:54.821331     1 NebulaStore.cpp:343] Stop the raft service...
I20230910 13:24:54.821347     1 RaftexService.cpp:67] Stopping the raftex service on port 9560
I20230910 13:24:54.821364     1 RaftexService.cpp:77] All partitions have stopped
I20230910 13:24:54.821383     1 NebulaStore.cpp:346] Stop kv engine...
I20230910 13:24:54.821556     1 NebulaStore.cpp:343] Stop the raft service...
I20230910 13:24:54.821578     1 RaftexService.cpp:67] Stopping the raftex service on port 9560
I20230910 13:24:54.821591     1 RaftexService.cpp:77] All partitions have stopped
I20230910 13:24:54.821606     1 NebulaStore.cpp:346] Stop kv engine...
I20230910 13:24:54.821630     1 NebulaStore.cpp:36] Cut off the relationship with meta client
I20230910 13:24:54.822146     1 Part.h:59] [Port: 9560, Space: 0, Part: 0] ~Part()
I20230910 13:24:54.822986     1 RocksEngine.h:247] Release rocksdb on /data/meta/nebula/0
I20230910 13:24:54.823659     1 NebulaStore.cpp:44] ~NebulaStore()
I20230910 13:24:54.823748     1 MetaDaemon.cpp:215] The meta Daemon stopped
I20230910 13:24:54.825244     1 JobManager.cpp:138] JobManager::shutDown() begin
I20230910 13:24:54.825273     1 JobManager.cpp:141] JobManager not running, exit
I20230910 13:53:55.805209     1 MetaDaemon.cpp:137] localhost = "nebula-metad-headless":9559
I20230910 13:53:55.807408     1 NebulaStore.cpp:48] Start the raft service...
I20230910 13:53:55.807782     1 NebulaSnapshotManager.cpp:25] Send snapshot is rate limited to 10485760 for each part by default
I20230910 13:53:55.893308     1 RaftexService.cpp:46] Start raft service on 9560
I20230910 13:53:55.893396     1 NebulaStore.cpp:82] Scan the local path, and init the spaces_
I20230910 13:53:55.893438     1 NebulaStore.cpp:90] Scan path "/data/meta/nebula/0"
I20230910 13:53:55.893465     1 NebulaStore.cpp:292] Init data from partManager for "nebula-metad-headless":9559
I20230910 13:53:55.893483     1 NebulaStore.cpp:417] Create data space 0
I20230910 13:53:55.919782    74 RocksEngine.cpp:107] open rocksdb on /data/meta/nebula/0/data
I20230910 13:53:55.935783     1 NebulaStore.cpp:480] Space 0, part 0 has been added, asLearner 0
I20230910 13:53:55.935817     1 NebulaStore.cpp:75] Register handler...
I20230910 13:53:55.935827     1 MetaDaemonInit.cpp:106] Waiting for the leader elected...
I20230910 13:53:55.935837     1 MetaDaemonInit.cpp:118] Leader has not been elected, sleep 1s
I20230910 13:53:56.937624     1 MetaDaemonInit.cpp:153] Get meta version is 4
I20230910 13:53:56.937683     1 MetaDaemonInit.cpp:169] Nebula store init succeeded, clusterId 4092346548590204318
I20230910 13:53:56.937696     1 MetaDaemon.cpp:150] Start http service
I20230910 13:53:56.937930     1 MetaDaemonInit.cpp:226] Starting Meta HTTP Service
I20230910 13:53:56.954773    97 WebService.cpp:124] Web service started on HTTP[19559]
I20230910 13:53:56.955641     1 MetaDaemonInit.cpp:192] Check root user
I20230910 13:53:56.955704     1 RootUserMan.h:35] God user exists
I20230910 13:53:56.968097     1 MetaDaemon.cpp:193] The meta daemon start on "nebula-metad-headless":9559
I20230910 13:53:56.968228     1 JobManager.cpp:64] JobManager initialized
I20230910 13:53:56.968441   103 JobManager.cpp:150] JobManager::scheduleThread enter
I20230910 13:53:57.603855   117 HBProcessor.cpp:33] Receive heartbeat from "nebula-graphd-svc":9669, role = GRAPH
I20230910 13:53:57.603912   117 HBProcessor.cpp:89] Update host "nebula-graphd-svc":9669 dir info, root path: /usr/local/nebula, data path size: 0
I20230910 13:53:57.727944   117 SessionManagerProcessor.cpp:136] resp session size: 0
I20230910 13:53:57.754703   117 HBProcessor.cpp:33] Receive heartbeat from "nebula-storaged0":9779, role = STORAGE
I20230910 13:53:57.754750   117 HBProcessor.cpp:41] Machine "nebula-storaged0":9779 is not registered
I20230910 13:53:57.767549   117 SessionManagerProcessor.cpp:136] resp session size: 0
I20230910 13:53:58.761219   117 HBProcessor.cpp:33] Receive heartbeat from "nebula-storaged0":9779, role = STORAGE
I20230910 13:53:58.761272   117 HBProcessor.cpp:41] Machine "nebula-storaged0":9779 is not registered
I20230910 13:53:59.781049   117 HBProcessor.cpp:33] Receive heartbeat from "nebula-storaged0":9779, role = STORAGE
I20230910 13:53:59.781112   117 HBProcessor.cpp:41] Machine "nebula-storaged0":9779 is not registered
I20230910 13:54:08.309212   117 HBProcessor.cpp:33] Receive heartbeat from "nebula-graphd-svc":9669, role = GRAPH
I20230910 13:54:09.785951   117 HBProcessor.cpp:33] Receive heartbeat from "nebula-storaged0":9779, role = STORAGE
I20230910 13:54:09.786036   117 HBProcessor.cpp:41] Machine "nebula-storaged0":9779 is not registered
I20230910 13:54:10.787077   117 HBProcessor.cpp:33] Receive heartbeat from "nebula-storaged0":9779, role = STORAGE
I20230910 13:54:10.787140   117 HBProcessor.cpp:41] Machine "nebula-storaged0":9779 is not registered
I20230910 13:54:11.788655   117 HBProcessor.cpp:33] Receive heartbeat from "nebula-storaged0":9779, role = STORAGE
I20230910 13:54:11.788785   117 HBProcessor.cpp:41] Machine "nebula-storaged0":9779 is not registered
I20230910 13:54:12.790844   117 HBProcessor.cpp:33] Receive heartbeat from "nebula-storaged0":9779, role = STORAGE
I20230910 13:54:12.790895   117 HBProcessor.cpp:41] Machine "nebula-storaged0":9779 is not registered
I20230910 13:54:18.310701   117 HBProcessor.cpp:33] Receive heartbeat from "nebula-graphd-svc":9669, role = GRAPH
I20230910 13:54:22.793447   117 HBProcessor.cpp:33] Receive heartbeat from "nebula-storaged0":9779, role = STORAGE
I20230910 13:54:22.793557   117 HBProcessor.cpp:41] Machine "nebula-storaged0":9779 is not registered
I20230910 13:54:23.796126   117 HBProcessor.cpp:33] Receive heartbeat from "nebula-storaged0":9779, role = STORAGE
I20230910 13:54:23.796269   117 HBProcessor.cpp:41] Machine "nebula-storaged0":9779 is not registered
I20230910 13:54:24.798115   117 HBProcessor.cpp:33] Receive heartbeat from "nebula-storaged0":9779, role = STORAGE
I20230910 13:54:24.798226   117 HBProcessor.cpp:41] Machine "nebula-storaged0":9779 is not registered
I20230910 13:54:25.821321   117 HBProcessor.cpp:33] Receive heartbeat from "nebula-storaged0":9779, role = STORAGE
I20230910 13:54:25.821359   117 HBProcessor.cpp:41] Machine "nebula-storaged0":9779 is not registered
I20230910 13:54:28.321570   117 HBProcessor.cpp:33] Receive heartbeat from "nebula-graphd-svc":9669, role = GRAPH
I20230910 13:54:35.824755   117 HBProcessor.cpp:33] Receive heartbeat from "nebula-storaged0":9779, role = STORAGE
I20230910 13:54:35.824954   117 HBProcessor.cpp:41] Machine "nebula-storaged0":9779 is not registered
I20230910 13:54:36.865846   117 HBProcessor.cpp:33] Receive heartbeat from "nebula-storaged0":9779, role = STORAGE
I20230910 13:54:36.866003   117 HBProcessor.cpp:41] Machine "nebula-storaged0":9779 is not registered
I20230910 13:54:37.868722   117 HBProcessor.cpp:33] Receive heartbeat from "nebula-storaged0":9779, role = STORAGE
I20230910 13:54:37.868834   117 HBProcessor.cpp:41] Machine "nebula-storaged0":9779 is not registered
I20230910 13:54:38.333079   117 HBProcessor.cpp:33] Receive heartbeat from "nebula-graphd-svc":9669, role = GRAPH
I20230910 13:54:38.871659   117 HBProcessor.cpp:33] Receive heartbeat from "nebula-storaged0":9779, role = STORAGE
I20230910 13:54:38.871780   117 HBProcessor.cpp:41] Machine "nebula-storaged0":9779 is not registered
I20230910 13:54:48.341822   117 HBProcessor.cpp:33] Receive heartbeat from "nebula-graphd-svc":9669, role = GRAPH
I20230910 13:54:48.874933   117 HBProcessor.cpp:33] Receive heartbeat from "nebula-storaged0":9779, role = STORAGE
I20230910 13:54:48.875047   117 HBProcessor.cpp:41] Machine "nebula-storaged0":9779 is not registered
I20230910 13:54:49.877336   117 HBProcessor.cpp:33] Receive heartbeat from "nebula-storaged0":9779, role = STORAGE
I20230910 13:54:49.877465   117 HBProcessor.cpp:41] Machine "nebula-storaged0":9779 is not registered
I20230910 13:54:50.879701   117 HBProcessor.cpp:33] Receive heartbeat from "nebula-storaged0":9779, role = STORAGE
I20230910 13:54:50.879827   117 HBProcessor.cpp:41] Machine "nebula-storaged0":9779 is not registered
I20230910 13:54:51.881880   117 HBProcessor.cpp:33] Receive heartbeat from "nebula-storaged0":9779, role = STORAGE
I20230910 13:54:51.882009   117 HBProcessor.cpp:41] Machine "nebula-storaged0":9779 is not registered
I20230910 13:54:58.351090   117 HBProcessor.cpp:33] Receive heartbeat from "nebula-graphd-svc":9669, role = GRAPH
I20230910 13:55:01.889469   117 HBProcessor.cpp:33] Receive heartbeat from "nebula-storaged0":9779, role = STORAGE
I20230910 13:55:01.889626   117 HBProcessor.cpp:41] Machine "nebula-storaged0":9779 is not registered
I20230910 13:55:02.890982   117 HBProcessor.cpp:33] Receive heartbeat from "nebula-storaged0":9779, role = STORAGE
I20230910 13:55:02.891131   117 HBProcessor.cpp:41] Machine "nebula-storaged0":9779 is not registered
I20230910 13:55:03.893047   117 HBProcessor.cpp:33] Receive heartbeat from "nebula-storaged0":9779, role = STORAGE
I20230910 13:55:03.893200   117 HBProcessor.cpp:41] Machine "nebula-storaged0":9779 is not registered
I20230910 13:55:04.895323   117 HBProcessor.cpp:33] Receive heartbeat from "nebula-storaged0":9779, role = STORAGE
I20230910 13:55:04.895476   117 HBProcessor.cpp:41] Machine "nebula-storaged0":9779 is not registered
I20230910 13:55:08.362798   117 HBProcessor.cpp:33] Receive heartbeat from "nebula-graphd-svc":9669, role = GRAPH
I20230910 13:55:14.898540   117 HBProcessor.cpp:33] Receive heartbeat from "nebula-storaged0":9779, role = STORAGE
I20230910 13:55:14.898698   117 HBProcessor.cpp:41] Machine "nebula-storaged0":9779 is not registered
I20230910 13:55:15.899812   117 HBProcessor.cpp:33] Receive heartbeat from "nebula-storaged0":9779, role = STORAGE
I20230910 13:55:15.899857   117 HBProcessor.cpp:41] Machine "nebula-storaged0":9779 is not registered
I20230910 13:55:16.901511   117 HBProcessor.cpp:33] Receive heartbeat from "nebula-storaged0":9779, role = STORAGE
I20230910 13:55:16.901640   117 HBProcessor.cpp:41] Machine "nebula-storaged0":9779 is not registered
I20230910 13:55:17.903854   117 HBProcessor.cpp:33] Receive heartbeat from "nebula-storaged0":9779, role = STORAGE
I20230910 13:55:17.903977   117 HBProcessor.cpp:41] Machine "nebula-storaged0":9779 is not registered
I20230910 13:55:18.385560   117 HBProcessor.cpp:33] Receive heartbeat from "nebula-graphd-svc":9669, role = GRAPH
I20230910 13:55:27.905535   117 HBProcessor.cpp:33] Receive heartbeat from "nebula-storaged0":9779, role = STORAGE
I20230910 13:55:27.905591   117 HBProcessor.cpp:41] Machine "nebula-storaged0":9779 is not registered
I20230910 13:55:28.393594   117 HBProcessor.cpp:33] Receive heartbeat from "nebula-graphd-svc":9669, role = GRAPH
I20230910 13:55:28.907497   117 HBProcessor.cpp:33] Receive heartbeat from "nebula-storaged0":9779, role = STORAGE
I20230910 13:55:28.907627   117 HBProcessor.cpp:41] Machine "nebula-storaged0":9779 is not registered
I20230910 13:55:29.909447   117 HBProcessor.cpp:33] Receive heartbeat from "nebula-storaged0":9779, role = STORAGE
I20230910 13:55:29.909569   117 HBProcessor.cpp:41] Machine "nebula-storaged0":9779 is not registered
I20230910 13:55:30.911415   117 HBProcessor.cpp:33] Receive heartbeat from "nebula-storaged0":9779, role = STORAGE
I20230910 13:55:30.911505   117 HBProcessor.cpp:41] Machine "nebula-storaged0":9779 is not registered
I20230910 13:55:38.401896   117 HBProcessor.cpp:33] Receive heartbeat from "nebula-graphd-svc":9669, role = GRAPH
I20230910 13:55:40.913887   117 HBProcessor.cpp:33] Receive heartbeat from "nebula-storaged0":9779, role = STORAGE
I20230910 13:55:40.913992   117 HBProcessor.cpp:41] Machine "nebula-storaged0":9779 is not registered
I20230910 13:55:41.915880   117 HBProcessor.cpp:33] Receive heartbeat from "nebula-storaged0":9779, role = STORAGE
I20230910 13:55:41.916008   117 HBProcessor.cpp:41] Machine "nebula-storaged0":9779 is not registered
I20230910 13:55:42.918015   117 HBProcessor.cpp:33] Receive heartbeat from "nebula-storaged0":9779, role = STORAGE
I20230910 13:55:42.918171   117 HBProcessor.cpp:41] Machine "nebula-storaged0":9779 is not registered
I20230910 13:55:43.920372   117 HBProcessor.cpp:33] Receive heartbeat from "nebula-storaged0":9779, role = STORAGE
I20230910 13:55:43.920493   117 HBProcessor.cpp:41] Machine "nebula-storaged0":9779 is not registered
I20230910 13:55:48.413879   117 HBProcessor.cpp:33] Receive heartbeat from "nebula-graphd-svc":9669, role = GRAPH
I20230910 13:55:53.923586   117 HBProcessor.cpp:33] Receive heartbeat from "nebula-storaged0":9779, role = STORAGE
I20230910 13:55:53.923744   117 HBProcessor.cpp:41] Machine "nebula-storaged0":9779 is not registered
I20230910 13:55:54.925509   117 HBProcessor.cpp:33] Receive heartbeat from "nebula-storaged0":9779, role = STORAGE
I20230910 13:55:54.925652   117 HBProcessor.cpp:41] Machine "nebula-storaged0":9779 is not registered
I20230910 13:55:55.927569   117 HBProcessor.cpp:33] Receive heartbeat from "nebula-storaged0":9779, role = STORAGE
I20230910 13:55:55.927714   117 HBProcessor.cpp:41] Machine "nebula-storaged0":9779 is not registered
I20230910 13:55:56.929821   117 HBProcessor.cpp:33] Receive heartbeat from "nebula-storaged0":9779, role = STORAGE
I20230910 13:55:56.929988   117 HBProcessor.cpp:41] Machine "nebula-storaged0":9779 is not registered
I20230910 13:55:58.425546   117 HBProcessor.cpp:33] Receive heartbeat from "nebula-graphd-svc":9669, role = GRAPH
I20230910 13:56:06.933113   117 HBProcessor.cpp:33] Receive heartbeat from "nebula-storaged0":9779, role = STORAGE
I20230910 13:56:06.933291   117 HBProcessor.cpp:41] Machine "nebula-storaged0":9779 is not registered
I20230910 13:56:07.935232   117 HBProcessor.cpp:33] Receive heartbeat from "nebula-storaged0":9779, role = STORAGE
I20230910 13:56:07.935356   117 HBProcessor.cpp:41] Machine "nebula-storaged0":9779 is not registered
I20230910 13:56:08.437464   117 HBProcessor.cpp:33] Receive heartbeat from "nebula-graphd-svc":9669, role = GRAPH
I20230910 13:56:08.937423   117 HBProcessor.cpp:33] Receive heartbeat from "nebula-storaged0":9779, role = STORAGE
I20230910 13:56:08.937553   117 HBProcessor.cpp:41] Machine "nebula-storaged0":9779 is not registered
I20230910 13:56:09.939584   117 HBProcessor.cpp:33] Receive heartbeat from "nebula-storaged0":9779, role = STORAGE
I20230910 13:56:09.939708   117 HBProcessor.cpp:41] Machine "nebula-storaged0":9779 is not registered
I20230910 13:56:18.445833   117 HBProcessor.cpp:33] Receive heartbeat from "nebula-graphd-svc":9669, role = GRAPH
I20230910 13:56:19.941303   117 HBProcessor.cpp:33] Receive heartbeat from "nebula-storaged0":9779, role = STORAGE
I20230910 13:56:19.941358   117 HBProcessor.cpp:41] Machine "nebula-storaged0":9779 is not registered
I20230910 13:56:20.942109   117 HBProcessor.cpp:33] Receive heartbeat from "nebula-storaged0":9779, role = STORAGE
I20230910 13:56:20.942273   117 HBProcessor.cpp:41] Machine "nebula-storaged0":9779 is not registered
I20230910 13:56:21.943893   117 HBProcessor.cpp:33] Receive heartbeat from "nebula-storaged0":9779, role = STORAGE
I20230910 13:56:21.943954   117 HBProcessor.cpp:41] Machine "nebula-storaged0":9779 is not registered
I20230910 13:56:22.945554   117 HBProcessor.cpp:33] Receive heartbeat from "nebula-storaged0":9779, role = STORAGE
I20230910 13:56:22.945694   117 HBProcessor.cpp:41] Machine "nebula-storaged0":9779 is not registered
I20230910 13:56:28.457402   117 HBProcessor.cpp:33] Receive heartbeat from "nebula-graphd-svc":9669, role = GRAPH
I20230910 13:56:32.948751   117 HBProcessor.cpp:33] Receive heartbeat from "nebula-storaged0":9779, role = STORAGE
I20230910 13:56:32.948937   117 HBProcessor.cpp:41] Machine "nebula-storaged0":9779 is not registered
I20230910 13:56:33.950829   117 HBProcessor.cpp:33] Receive heartbeat from "nebula-storaged0":9779, role = STORAGE
I20230910 13:56:33.950951   117 HBProcessor.cpp:41] Machine "nebula-storaged0":9779 is not registered
I20230910 13:56:34.952541   117 HBProcessor.cpp:33] Receive heartbeat from "nebula-storaged0":9779, role = STORAGE
I20230910 13:56:34.952669   117 HBProcessor.cpp:41] Machine "nebula-storaged0":9779 is not registered
I20230910 13:56:35.954857   117 HBProcessor.cpp:33] Receive heartbeat from "nebula-storaged0":9779, role = STORAGE
I20230910 13:56:35.954986   117 HBProcessor.cpp:41] Machine "nebula-storaged0":9779 is not registered
I20230910 13:56:38.465521   117 HBProcessor.cpp:33] Receive heartbeat from "nebula-graphd-svc":9669, role = GRAPH
I20230910 13:56:45.958336   117 HBProcessor.cpp:33] Receive heartbeat from "nebula-storaged0":9779, role = STORAGE
I20230910 13:56:45.958500   117 HBProcessor.cpp:41] Machine "nebula-storaged0":9779 is not registered
I20230910 13:56:46.960743   117 HBProcessor.cpp:33] Receive heartbeat from "nebula-storaged0":9779, role = STORAGE
I20230910 13:56:46.960897   117 HBProcessor.cpp:41] Machine "nebula-storaged0":9779 is not registered
I20230910 13:56:47.962652   117 HBProcessor.cpp:33] Receive heartbeat from "nebula-storaged0":9779, role = STORAGE
I20230910 13:56:47.962721   117 HBProcessor.cpp:41] Machine "nebula-storaged0":9779 is not registered
I20230910 13:56:48.516474   117 HBProcessor.cpp:33] Receive heartbeat from "nebula-graphd-svc":9669, role = GRAPH
I20230910 13:56:48.964613   117 HBProcessor.cpp:33] Receive heartbeat from "nebula-storaged0":9779, role = STORAGE
I20230910 13:56:48.964766   117 HBProcessor.cpp:41] Machine "nebula-storaged0":9779 is not registered
I20230910 13:56:58.525630   117 HBProcessor.cpp:33] Receive heartbeat from "nebula-graphd-svc":9669, role = GRAPH
I20230910 13:56:58.967788   117 HBProcessor.cpp:33] Receive heartbeat from "nebula-storaged0":9779, role = STORAGE
I20230910 13:56:58.967940   117 HBProcessor.cpp:41] Machine "nebula-storaged0":9779 is not registered
I20230910 13:56:59.969125   117 HBProcessor.cpp:33] Receive heartbeat from "nebula-storaged0":9779, role = STORAGE
I20230910 13:56:59.969229   117 HBProcessor.cpp:41] Machine "nebula-storaged0":9779 is not registered
I20230910 13:57:00.970860   117 HBProcessor.cpp:33] Receive heartbeat from "nebula-storaged0":9779, role = STORAGE
I20230910 13:57:00.970986   117 HBProcessor.cpp:41] Machine "nebula-storaged0":9779 is not registered
I20230910 13:57:01.973047   117 HBProcessor.cpp:33] Receive heartbeat from "nebula-storaged0":9779, role = STORAGE
I20230910 13:57:01.973173   117 HBProcessor.cpp:41] Machine "nebula-storaged0":9779 is not registered
I20230910 13:57:08.527976   117 HBProcessor.cpp:33] Receive heartbeat from "nebula-graphd-svc":9669, role = GRAPH
I20230910 13:57:11.976287   117 HBProcessor.cpp:33] Receive heartbeat from "nebula-storaged0":9779, role = STORAGE
I20230910 13:57:11.976411   117 HBProcessor.cpp:41] Machine "nebula-storaged0":9779 is not registered
I20230910 13:57:12.977488   117 HBProcessor.cpp:33] Receive heartbeat from "nebula-storaged0":9779, role = STORAGE
I20230910 13:57:12.977612   117 HBProcessor.cpp:41] Machine "nebula-storaged0":9779 is not registered
I20230910 13:57:13.979507   117 HBProcessor.cpp:33] Receive heartbeat from "nebula-storaged0":9779, role = STORAGE
I20230910 13:57:13.979594   117 HBProcessor.cpp:41] Machine "nebula-storaged0":9779 is not registered
I20230910 13:57:14.981570   117 HBProcessor.cpp:33] Receive heartbeat from "nebula-storaged0":9779, role = STORAGE
I20230910 13:57:14.981693   117 HBProcessor.cpp:41] Machine "nebula-storaged0":9779 is not registered
I20230910 13:57:18.537959   117 HBProcessor.cpp:33] Receive heartbeat from "nebula-graphd-svc":9669, role = GRAPH
I20230910 13:57:24.983417   117 HBProcessor.cpp:33] Receive heartbeat from "nebula-storaged0":9779, role = STORAGE
I20230910 13:57:24.983589   117 HBProcessor.cpp:41] Machine "nebula-storaged0":9779 is not registered
I20230910 13:57:25.985565   117 HBProcessor.cpp:33] Receive heartbeat from "nebula-storaged0":9779, role = STORAGE
I20230910 13:57:25.985687   117 HBProcessor.cpp:41] Machine "nebula-storaged0":9779 is not registered
I20230910 13:57:26.987908   117 HBProcessor.cpp:33] Receive heartbeat from "nebula-storaged0":9779, role = STORAGE
I20230910 13:57:26.988039   117 HBProcessor.cpp:41] Machine "nebula-storaged0":9779 is not registered
I20230910 13:57:27.990077   117 HBProcessor.cpp:33] Receive heartbeat from "nebula-storaged0":9779, role = STORAGE
I20230910 13:57:27.990206   117 HBProcessor.cpp:41] Machine "nebula-storaged0":9779 is not registered
I20230910 13:57:28.548851   117 HBProcessor.cpp:33] Receive heartbeat from "nebula-graphd-svc":9669, role = GRAPH
I20230910 13:57:37.991935   117 HBProcessor.cpp:33] Receive heartbeat from "nebula-storaged0":9779, role = STORAGE
I20230910 13:57:37.992108   117 HBProcessor.cpp:41] Machine "nebula-storaged0":9779 is not registered
I20230910 13:57:38.559442   117 HBProcessor.cpp:33] Receive heartbeat from "nebula-graphd-svc":9669, role = GRAPH
I20230910 13:57:38.993574   117 HBProcessor.cpp:33] Receive heartbeat from "nebula-storaged0":9779, role = STORAGE
I20230910 13:57:38.993705   117 HBProcessor.cpp:41] Machine "nebula-storaged0":9779 is not registered
I20230910 13:57:39.995852   117 HBProcessor.cpp:33] Receive heartbeat from "nebula-storaged0":9779, role = STORAGE
I20230910 13:57:39.995983   117 HBProcessor.cpp:41] Machine "nebula-storaged0":9779 is not registered
I20230910 13:57:40.997495   117 HBProcessor.cpp:33] Receive heartbeat from "nebula-storaged0":9779, role = STORAGE
I20230910 13:57:40.997645   117 HBProcessor.cpp:41] Machine "nebula-storaged0":9779 is not registered
I20230910 13:57:48.569211   117 HBProcessor.cpp:33] Receive heartbeat from "nebula-graphd-svc":9669, role = GRAPH
I20230910 13:57:50.998950   117 HBProcessor.cpp:33] Receive heartbeat from "nebula-storaged0":9779, role = STORAGE
I20230910 13:57:50.998991   117 HBProcessor.cpp:41] Machine "nebula-storaged0":9779 is not registered
I20230910 13:57:52.000469   117 HBProcessor.cpp:33] Receive heartbeat from "nebula-storaged0":9779, role = STORAGE
I20230910 13:57:52.000558   117 HBProcessor.cpp:41] Machine "nebula-storaged0":9779 is not registered
I20230910 13:57:53.001600   117 HBProcessor.cpp:33] Receive heartbeat from "nebula-storaged0":9779, role = STORAGE
I20230910 13:57:53.001655   117 HBProcessor.cpp:41] Machine "nebula-storaged0":9779 is not registered
I20230910 13:57:54.003077   117 HBProcessor.cpp:33] Receive heartbeat from "nebula-storaged0":9779, role = STORAGE
I20230910 13:57:54.003139   117 HBProcessor.cpp:41] Machine "nebula-storaged0":9779 is not registered
I20230910 13:57:58.578264   117 HBProcessor.cpp:33] Receive heartbeat from "nebula-graphd-svc":9669, role = GRAPH
I20230910 13:58:04.004896   117 HBProcessor.cpp:33] Receive heartbeat from "nebula-storaged0":9779, role = STORAGE
I20230910 13:58:04.005066   117 HBProcessor.cpp:41] Machine "nebula-storaged0":9779 is not registered
I20230910 13:58:05.007043   117 HBProcessor.cpp:33] Receive heartbeat from "nebula-storaged0":9779, role = STORAGE
I20230910 13:58:05.007155   117 HBProcessor.cpp:41] Machine "nebula-storaged0":9779 is not registered
I20230910 13:58:06.009349   117 HBProcessor.cpp:33] Receive heartbeat from "nebula-storaged0":9779, role = STORAGE
I20230910 13:58:06.009476   117 HBProcessor.cpp:41] Machine "nebula-storaged0":9779 is not registered
I20230910 13:58:07.011719   117 HBProcessor.cpp:33] Receive heartbeat from "nebula-storaged0":9779, role = STORAGE
I20230910 13:58:07.011858   117 HBProcessor.cpp:41] Machine "nebula-storaged0":9779 is not registered
I20230910 13:58:08.581621   117 HBProcessor.cpp:33] Receive heartbeat from "nebula-graphd-svc":9669, role = GRAPH
I20230910 13:58:17.013659   117 HBProcessor.cpp:33] Receive heartbeat from "nebula-storaged0":9779, role = STORAGE
I20230910 13:58:17.013818   117 HBProcessor.cpp:41] Machine "nebula-storaged0":9779 is not registered
I20230910 13:58:18.015861   117 HBProcessor.cpp:33] Receive heartbeat from "nebula-storaged0":9779, role = STORAGE
I20230910 13:58:18.015991   117 HBProcessor.cpp:41] Machine "nebula-storaged0":9779 is not registered
I20230910 13:58:18.585355   117 HBProcessor.cpp:33] Receive heartbeat from "nebula-graphd-svc":9669, role = GRAPH
I20230910 13:58:19.017536   117 HBProcessor.cpp:33] Receive heartbeat from "nebula-storaged0":9779, role = STORAGE
I20230910 13:58:19.017670   117 HBProcessor.cpp:41] Machine "nebula-storaged0":9779 is not registered
I20230910 13:58:20.019603   117 HBProcessor.cpp:33] Receive heartbeat from "nebula-storaged0":9779, role = STORAGE
I20230910 13:58:20.019773   117 HBProcessor.cpp:41] Machine "nebula-storaged0":9779 is not registered
I20230910 13:58:28.593142   117 HBProcessor.cpp:33] Receive heartbeat from "nebula-graphd-svc":9669, role = GRAPH
I20230910 13:58:30.021426   117 HBProcessor.cpp:33] Receive heartbeat from "nebula-storaged0":9779, role = STORAGE
I20230910 13:58:30.021551   117 HBProcessor.cpp:41] Machine "nebula-storaged0":9779 is not registered
I20230910 13:58:31.023325   117 HBProcessor.cpp:33] Receive heartbeat from "nebula-storaged0":9779, role = STORAGE
I20230910 13:58:31.023391   117 HBProcessor.cpp:41] Machine "nebula-storaged0":9779 is not registered
I20230910 13:58:32.025105   117 HBProcessor.cpp:33] Receive heartbeat from "nebula-storaged0":9779, role = STORAGE
I20230910 13:58:32.025283   117 HBProcessor.cpp:41] Machine "nebula-storaged0":9779 is not registered
I20230910 13:58:33.027050   117 HBProcessor.cpp:33] Receive heartbeat from "nebula-storaged0":9779, role = STORAGE
I20230910 13:58:33.027150   117 HBProcessor.cpp:41] Machine "nebula-storaged0":9779 is not registered
I20230910 13:58:38.601495   117 HBProcessor.cpp:33] Receive heartbeat from "nebula-graphd-svc":9669, role = GRAPH
I20230910 13:58:43.028452   117 HBProcessor.cpp:33] Receive heartbeat from "nebula-storaged0":9779, role = STORAGE
I20230910 13:58:43.028577   117 HBProcessor.cpp:41] Machine "nebula-storaged0":9779 is not registered
I20230910 13:58:44.030778   117 HBProcessor.cpp:33] Receive heartbeat from "nebula-storaged0":9779, role = STORAGE
I20230910 13:58:44.030908   117 HBProcessor.cpp:41] Machine "nebula-storaged0":9779 is not registered
I20230910 13:58:45.031703   117 HBProcessor.cpp:33] Receive heartbeat from "nebula-storaged0":9779, role = STORAGE
I20230910 13:58:45.031754   117 HBProcessor.cpp:41] Machine "nebula-storaged0":9779 is not registered
I20230910 13:58:46.033445   117 HBProcessor.cpp:33] Receive heartbeat from "nebula-storaged0":9779, role = STORAGE
I20230910 13:58:46.033566   117 HBProcessor.cpp:41] Machine "nebula-storaged0":9779 is not registered
I20230910 13:58:48.611040   117 HBProcessor.cpp:33] Receive heartbeat from "nebula-graphd-svc":9669, role = GRAPH
I20230910 13:58:56.035162   117 HBProcessor.cpp:33] Receive heartbeat from "nebula-storaged0":9779, role = STORAGE
I20230910 13:58:56.035353   117 HBProcessor.cpp:41] Machine "nebula-storaged0":9779 is not registered
I20230910 13:58:57.036947   117 HBProcessor.cpp:33] Receive heartbeat from "nebula-storaged0":9779, role = STORAGE
I20230910 13:58:57.036994   117 HBProcessor.cpp:41] Machine "nebula-storaged0":9779 is not registered
I20230910 13:58:58.038596   117 HBProcessor.cpp:33] Receive heartbeat from "nebula-storaged0":9779, role = STORAGE
I20230910 13:58:58.038727   117 HBProcessor.cpp:41] Machine "nebula-storaged0":9779 is not registered
I20230910 13:58:58.617775   117 HBProcessor.cpp:33] Receive heartbeat from "nebula-graphd-svc":9669, role = GRAPH
I20230910 13:58:59.040956   117 HBProcessor.cpp:33] Receive heartbeat from "nebula-storaged0":9779, role = STORAGE
I20230910 13:58:59.041078   117 HBProcessor.cpp:41] Machine "nebula-storaged0":9779 is not registered
I20230910 13:59:08.626039   117 HBProcessor.cpp:33] Receive heartbeat from "nebula-graphd-svc":9669, role = GRAPH
I20230910 13:59:09.042584   117 HBProcessor.cpp:33] Receive heartbeat from "nebula-storaged0":9779, role = STORAGE
I20230910 13:59:09.042693   117 HBProcessor.cpp:41] Machine "nebula-storaged0":9779 is not registered
I20230910 13:59:10.044615   117 HBProcessor.cpp:33] Receive heartbeat from "nebula-storaged0":9779, role = STORAGE
I20230910 13:59:10.044742   117 HBProcessor.cpp:41] Machine "nebula-storaged0":9779 is not registered
I20230910 13:59:11.046844   117 HBProcessor.cpp:33] Receive heartbeat from "nebula-storaged0":9779, role = STORAGE
I20230910 13:59:11.046967   117 HBProcessor.cpp:41] Machine "nebula-storaged0":9779 is not registered
I20230910 13:59:12.049073   117 HBProcessor.cpp:33] Receive heartbeat from "nebula-storaged0":9779, role = STORAGE
I20230910 13:59:12.049203   117 HBProcessor.cpp:41] Machine "nebula-storaged0":9779 is not registered
I20230910 13:59:18.637365   117 HBProcessor.cpp:33] Receive heartbeat from "nebula-graphd-svc":9669, role = GRAPH
I20230910 13:59:22.050899   117 HBProcessor.cpp:33] Receive heartbeat from "nebula-storaged0":9779, role = STORAGE
I20230910 13:59:22.051127   117 HBProcessor.cpp:41] Machine "nebula-storaged0":9779 is not registered
I20230910 13:59:23.053416   117 HBProcessor.cpp:33] Receive heartbeat from "nebula-storaged0":9779, role = STORAGE
I20230910 13:59:23.053555   117 HBProcessor.cpp:41] Machine "nebula-storaged0":9779 is not registered
I20230910 13:59:24.055604   117 HBProcessor.cpp:33] Receive heartbeat from "nebula-storaged0":9779, role = STORAGE
I20230910 13:59:24.055732   117 HBProcessor.cpp:41] Machine "nebula-storaged0":9779 is not registered
I20230910 13:59:25.057583   117 HBProcessor.cpp:33] Receive heartbeat from "nebula-storaged0":9779, role = STORAGE
I20230910 13:59:25.057725   117 HBProcessor.cpp:41] Machine "nebula-storaged0":9779 is not registered
I20230910 13:59:28.647859   117 HBProcessor.cpp:33] Receive heartbeat from "nebula-graphd-svc":9669, role = GRAPH
I20230910 13:59:35.059389   117 HBProcessor.cpp:33] Receive heartbeat from "nebula-storaged0":9779, role = STORAGE
I20230910 13:59:35.059545   117 HBProcessor.cpp:41] Machine "nebula-storaged0":9779 is not registered
I20230910 13:59:36.061159   117 HBProcessor.cpp:33] Receive heartbeat from "nebula-storaged0":9779, role = STORAGE
I20230910 13:59:36.061215   117 HBProcessor.cpp:41] Machine "nebula-storaged0":9779 is not registered
I20230910 13:59:37.062979   117 HBProcessor.cpp:33] Receive heartbeat from "nebula-storaged0":9779, role = STORAGE
I20230910 13:59:37.063109   117 HBProcessor.cpp:41] Machine "nebula-storaged0":9779 is not registered
I20230910 13:59:38.064870   117 HBProcessor.cpp:33] Receive heartbeat from "nebula-storaged0":9779, role = STORAGE
I20230910 13:59:38.065019   117 HBProcessor.cpp:41] Machine "nebula-storaged0":9779 is not registered
I20230910 13:59:38.657425   117 HBProcessor.cpp:33] Receive heartbeat from "nebula-graphd-svc":9669, role = GRAPH
I20230910 13:59:48.066480   117 HBProcessor.cpp:33] Receive heartbeat from "nebula-storaged0":9779, role = STORAGE
I20230910 13:59:48.066624   117 HBProcessor.cpp:41] Machine "nebula-storaged0":9779 is not registered
I20230910 13:59:48.665652   117 HBProcessor.cpp:33] Receive heartbeat from "nebula-graphd-svc":9669, role = GRAPH
I20230910 13:59:49.068652   117 HBProcessor.cpp:33] Receive heartbeat from "nebula-storaged0":9779, role = STORAGE
I20230910 13:59:49.068775   117 HBProcessor.cpp:41] Machine "nebula-storaged0":9779 is not registered
I20230910 13:59:50.070575   117 HBProcessor.cpp:33] Receive heartbeat from "nebula-storaged0":9779, role = STORAGE
I20230910 13:59:50.070641   117 HBProcessor.cpp:41] Machine "nebula-storaged0":9779 is not registered
I20230910 13:59:51.072315   117 HBProcessor.cpp:33] Receive heartbeat from "nebula-storaged0":9779, role = STORAGE
I20230910 13:59:51.072418   117 HBProcessor.cpp:41] Machine "nebula-storaged0":9779 is not registered
I20230910 13:59:58.676071   117 HBProcessor.cpp:33] Receive heartbeat from "nebula-graphd-svc":9669, role = GRAPH
I20230910 14:00:01.073829   117 HBProcessor.cpp:33] Receive heartbeat from "nebula-storaged0":9779, role = STORAGE
I20230910 14:00:01.073943   117 HBProcessor.cpp:41] Machine "nebula-storaged0":9779 is not registered
I20230910 14:00:02.075431   117 HBProcessor.cpp:33] Receive heartbeat from "nebula-storaged0":9779, role = STORAGE
I20230910 14:00:02.075557   117 HBProcessor.cpp:41] Machine "nebula-storaged0":9779 is not registered
I20230910 14:00:03.077594   117 HBProcessor.cpp:33] Receive heartbeat from "nebula-storaged0":9779, role = STORAGE
I20230910 14:00:03.077725   117 HBProcessor.cpp:41] Machine "nebula-storaged0":9779 is not registered
I20230910 14:00:04.079690   117 HBProcessor.cpp:33] Receive heartbeat from "nebula-storaged0":9779, role = STORAGE
I20230910 14:00:04.079823   117 HBProcessor.cpp:41] Machine "nebula-storaged0":9779 is not registered
I20230910 14:00:08.685418   117 HBProcessor.cpp:33] Receive heartbeat from "nebula-graphd-svc":9669, role = GRAPH
I20230910 14:00:14.081449   117 HBProcessor.cpp:33] Receive heartbeat from "nebula-storaged0":9779, role = STORAGE
I20230910 14:00:14.081619   117 HBProcessor.cpp:41] Machine "nebula-storaged0":9779 is not registered
I20230910 14:00:15.083842   117 HBProcessor.cpp:33] Receive heartbeat from "nebula-storaged0":9779, role = STORAGE
I20230910 14:00:15.083966   117 HBProcessor.cpp:41] Machine "nebula-storaged0":9779 is not registered
I20230910 14:00:16.085244   117 HBProcessor.cpp:33] Receive heartbeat from "nebula-storaged0":9779, role = STORAGE
I20230910 14:00:16.085316   117 HBProcessor.cpp:41] Machine "nebula-storaged0":9779 is not registered
I20230910 14:00:17.087112   117 HBProcessor.cpp:33] Receive heartbeat from "nebula-storaged0":9779, role = STORAGE
I20230910 14:00:17.087236   117 HBProcessor.cpp:41] Machine "nebula-storaged0":9779 is not registered
I20230910 14:00:18.687727   117 HBProcessor.cpp:33] Receive heartbeat from "nebula-graphd-svc":9669, role = GRAPH
I20230910 14:00:27.088869   117 HBProcessor.cpp:33] Receive heartbeat from "nebula-storaged0":9779, role = STORAGE
I20230910 14:00:27.089079   117 HBProcessor.cpp:41] Machine "nebula-storaged0":9779 is not registered
I20230910 14:00:28.091195   117 HBProcessor.cpp:33] Receive heartbeat from "nebula-storaged0":9779, role = STORAGE
I20230910 14:00:28.091331   117 HBProcessor.cpp:41] Machine "nebula-storaged0":9779 is not registered
I20230910 14:00:28.699124   117 HBProcessor.cpp:33] Receive heartbeat from "nebula-graphd-svc":9669, role = GRAPH
I20230910 14:00:29.093048   117 HBProcessor.cpp:33] Receive heartbeat from "nebula-storaged0":9779, role = STORAGE
I20230910 14:00:29.093104   117 HBProcessor.cpp:41] Machine "nebula-storaged0":9779 is not registered
I20230910 14:00:30.094875   117 HBProcessor.cpp:33] Receive heartbeat from "nebula-storaged0":9779, role = STORAGE
I20230910 14:00:30.095007   117 HBProcessor.cpp:41] Machine "nebula-storaged0":9779 is not registered
I20230910 14:00:34.157639   117 HBProcessor.cpp:33] Receive heartbeat from "nebula-storaged0":9779, role = STORAGE
I20230910 14:00:34.157712   117 HBProcessor.cpp:41] Machine "nebula-storaged0":9779 is not registered
I20230910 14:00:35.159498   117 HBProcessor.cpp:33] Receive heartbeat from "nebula-storaged0":9779, role = STORAGE
I20230910 14:00:35.159648   117 HBProcessor.cpp:41] Machine "nebula-storaged0":9779 is not registered
I20230910 14:00:36.161572   117 HBProcessor.cpp:33] Receive heartbeat from "nebula-storaged0":9779, role = STORAGE
I20230910 14:00:36.161686   117 HBProcessor.cpp:41] Machine "nebula-storaged0":9779 is not registered
I20230910 14:00:37.163594   117 HBProcessor.cpp:33] Receive heartbeat from "nebula-storaged0":9779, role = STORAGE
I20230910 14:00:37.163647   117 HBProcessor.cpp:41] Machine "nebula-storaged0":9779 is not registered
I20230910 14:00:37.523581     1 MetaDaemon.cpp:230] Signal 15(Terminated) received, stopping this server
I20230910 14:00:37.525180     1 JobManager.cpp:138] JobManager::shutDown() begin
I20230910 14:00:37.530220   103 JobManager.cpp:155] Detect shutdown called, exit
I20230910 14:00:37.530252   103 JobDescription.cpp:113] Loading job description failed, error: E_JOB_NOT_IN_SPACE
I20230910 14:00:37.530280   103 JobManager.cpp:175] Load an invalid job from space 0 jodId 0
I20230910 14:00:37.530329     1 JobManager.cpp:146] JobManager::shutDown() end
I20230910 14:00:37.530339     1 NebulaStore.cpp:343] Stop the raft service...
I20230910 14:00:37.530344     1 RaftexService.cpp:67] Stopping the raftex service on port 9560
I20230910 14:00:37.530351     1 RaftexService.cpp:77] All partitions have stopped
I20230910 14:00:37.530359     1 NebulaStore.cpp:346] Stop kv engine...
I20230910 14:00:37.530467     1 NebulaStore.cpp:343] Stop the raft service...
I20230910 14:00:37.530476     1 RaftexService.cpp:67] Stopping the raftex service on port 9560
I20230910 14:00:37.530483     1 RaftexService.cpp:77] All partitions have stopped
I20230910 14:00:37.530488     1 NebulaStore.cpp:346] Stop kv engine...
I20230910 14:00:37.530498     1 NebulaStore.cpp:36] Cut off the relationship with meta client
I20230910 14:00:37.530763     1 Part.h:59] [Port: 9560, Space: 0, Part: 0] ~Part()
I20230910 14:00:37.531082     1 RocksEngine.h:247] Release rocksdb on /data/meta/nebula/0
I20230910 14:00:37.531320     1 NebulaStore.cpp:44] ~NebulaStore()
I20230910 14:00:37.531360     1 MetaDaemon.cpp:215] The meta Daemon stopped
I20230910 14:00:37.532053     1 JobManager.cpp:138] JobManager::shutDown() begin
I20230910 14:00:37.532064     1 JobManager.cpp:141] JobManager not running, exit
I20230910 14:12:20.537823     1 MetaDaemon.cpp:137] localhost = "nebula-metad-headless":9559
I20230910 14:12:20.545056     1 NebulaStore.cpp:48] Start the raft service...
I20230910 14:12:20.559976     1 NebulaSnapshotManager.cpp:25] Send snapshot is rate limited to 10485760 for each part by default
I20230910 14:12:20.750144     1 RaftexService.cpp:46] Start raft service on 9560
I20230910 14:12:20.750238     1 NebulaStore.cpp:82] Scan the local path, and init the spaces_
I20230910 14:12:20.750280     1 NebulaStore.cpp:90] Scan path "/data/meta/nebula/0"
I20230910 14:12:20.750305     1 NebulaStore.cpp:292] Init data from partManager for "nebula-metad-headless":9559
I20230910 14:12:20.750322     1 NebulaStore.cpp:417] Create data space 0
I20230910 14:12:20.772588    74 RocksEngine.cpp:107] open rocksdb on /data/meta/nebula/0/data
I20230910 14:12:20.797489     1 NebulaStore.cpp:480] Space 0, part 0 has been added, asLearner 0
I20230910 14:12:20.797528     1 NebulaStore.cpp:75] Register handler...
I20230910 14:12:20.797538     1 MetaDaemonInit.cpp:106] Waiting for the leader elected...
I20230910 14:12:20.797546     1 MetaDaemonInit.cpp:118] Leader has not been elected, sleep 1s
I20230910 14:12:21.797672     1 MetaDaemonInit.cpp:153] Get meta version is 4
I20230910 14:12:21.797734     1 MetaDaemonInit.cpp:169] Nebula store init succeeded, clusterId 4092346548590204318
I20230910 14:12:21.797746     1 MetaDaemon.cpp:150] Start http service
I20230910 14:12:21.797976     1 MetaDaemonInit.cpp:226] Starting Meta HTTP Service
I20230910 14:12:21.812120    97 WebService.cpp:124] Web service started on HTTP[19559]
I20230910 14:12:21.812163     1 MetaDaemonInit.cpp:192] Check root user
I20230910 14:12:21.812209     1 RootUserMan.h:35] God user exists
I20230910 14:12:21.818125     1 MetaDaemon.cpp:193] The meta daemon start on "nebula-metad-headless":9559
I20230910 14:12:21.818356     1 JobManager.cpp:64] JobManager initialized
I20230910 14:12:21.820613   103 JobManager.cpp:150] JobManager::scheduleThread enter
I20230910 14:12:22.596561   117 HBProcessor.cpp:33] Receive heartbeat from "nebula-graphd-svc":9669, role = GRAPH
I20230910 14:12:22.596623   117 HBProcessor.cpp:89] Update host "nebula-graphd-svc":9669 dir info, root path: /usr/local/nebula, data path size: 0
I20230910 14:12:22.697960   117 SessionManagerProcessor.cpp:136] resp session size: 0
I20230910 14:12:22.720007   117 SessionManagerProcessor.cpp:136] resp session size: 0
I20230910 14:12:22.771438   117 HBProcessor.cpp:33] Receive heartbeat from "nebula-storaged0":9779, role = STORAGE
I20230910 14:12:22.771495   117 HBProcessor.cpp:41] Machine "nebula-storaged0":9779 is not registered
I20230910 14:12:23.773340   117 HBProcessor.cpp:33] Receive heartbeat from "nebula-storaged0":9779, role = STORAGE
I20230910 14:12:23.773403   117 HBProcessor.cpp:41] Machine "nebula-storaged0":9779 is not registered
I20230910 14:12:24.775030   117 HBProcessor.cpp:33] Receive heartbeat from "nebula-storaged0":9779, role = STORAGE
I20230910 14:12:24.775092   117 HBProcessor.cpp:41] Machine "nebula-storaged0":9779 is not registered
I20230910 14:12:32.954519   117 HBProcessor.cpp:33] Receive heartbeat from "nebula-graphd-svc":9669, role = GRAPH
I20230910 14:12:34.778494   117 HBProcessor.cpp:33] Receive heartbeat from "nebula-storaged0":9779, role = STORAGE
I20230910 14:12:34.778615   117 HBProcessor.cpp:41] Machine "nebula-storaged0":9779 is not registered
I20230910 14:12:35.780452   117 HBProcessor.cpp:33] Receive heartbeat from "nebula-storaged0":9779, role = STORAGE
I20230910 14:12:35.780493   117 HBProcessor.cpp:41] Machine "nebula-storaged0":9779 is not registered
I20230910 14:12:36.782428   117 HBProcessor.cpp:33] Receive heartbeat from "nebula-storaged0":9779, role = STORAGE
I20230910 14:12:36.782546   117 HBProcessor.cpp:41] Machine "nebula-storaged0":9779 is not registered
I20230910 14:12:37.785563   117 HBProcessor.cpp:33] Receive heartbeat from "nebula-storaged0":9779, role = STORAGE
I20230910 14:12:37.785720   117 HBProcessor.cpp:41] Machine "nebula-storaged0":9779 is not registered
I20230910 14:12:42.965335   117 HBProcessor.cpp:33] Receive heartbeat from "nebula-graphd-svc":9669, role = GRAPH
I20230910 14:12:47.789757   117 HBProcessor.cpp:33] Receive heartbeat from "nebula-storaged0":9779, role = STORAGE
I20230910 14:12:47.789877   117 HBProcessor.cpp:41] Machine "nebula-storaged0":9779 is not registered
I20230910 14:12:48.792691   117 HBProcessor.cpp:33] Receive heartbeat from "nebula-storaged0":9779, role = STORAGE
I20230910 14:12:48.792819   117 HBProcessor.cpp:41] Machine "nebula-storaged0":9779 is not registered
I20230910 14:12:49.795545   117 HBProcessor.cpp:33] Receive heartbeat from "nebula-storaged0":9779, role = STORAGE
I20230910 14:12:49.795663   117 HBProcessor.cpp:41] Machine "nebula-storaged0":9779 is not registered
I20230910 14:12:50.798270   117 HBProcessor.cpp:33] Receive heartbeat from "nebula-storaged0":9779, role = STORAGE
I20230910 14:12:50.798390   117 HBProcessor.cpp:41] Machine "nebula-storaged0":9779 is not registered
I20230910 14:12:52.973119   117 HBProcessor.cpp:33] Receive heartbeat from "nebula-graphd-svc":9669, role = GRAPH
I20230910 14:13:00.802331   117 HBProcessor.cpp:33] Receive heartbeat from "nebula-storaged0":9779, role = STORAGE
I20230910 14:13:00.802475   117 HBProcessor.cpp:41] Machine "nebula-storaged0":9779 is not registered
I20230910 14:13:01.833851   117 HBProcessor.cpp:33] Receive heartbeat from "nebula-storaged0":9779, role = STORAGE
I20230910 14:13:01.833971   117 HBProcessor.cpp:41] Machine "nebula-storaged0":9779 is not registered
I20230910 14:13:02.836941   117 HBProcessor.cpp:33] Receive heartbeat from "nebula-storaged0":9779, role = STORAGE
I20230910 14:13:02.837080   117 HBProcessor.cpp:41] Machine "nebula-storaged0":9779 is not registered
I20230910 14:13:02.984042   117 HBProcessor.cpp:33] Receive heartbeat from "nebula-graphd-svc":9669, role = GRAPH
I20230910 14:13:03.839761   117 HBProcessor.cpp:33] Receive heartbeat from "nebula-storaged0":9779, role = STORAGE
I20230910 14:13:03.839881   117 HBProcessor.cpp:41] Machine "nebula-storaged0":9779 is not registered
I20230910 14:13:12.995935   117 HBProcessor.cpp:33] Receive heartbeat from "nebula-graphd-svc":9669, role = GRAPH
I20230910 14:13:13.843199   117 HBProcessor.cpp:33] Receive heartbeat from "nebula-storaged0":9779, role = STORAGE
I20230910 14:13:13.843348   117 HBProcessor.cpp:41] Machine "nebula-storaged0":9779 is not registered
I20230910 14:13:14.845590   117 HBProcessor.cpp:33] Receive heartbeat from "nebula-storaged0":9779, role = STORAGE
I20230910 14:13:14.845721   117 HBProcessor.cpp:41] Machine "nebula-storaged0":9779 is not registered
I20230910 14:13:15.847486   117 HBProcessor.cpp:33] Receive heartbeat from "nebula-storaged0":9779, role = STORAGE
I20230910 14:13:15.847538   117 HBProcessor.cpp:41] Machine "nebula-storaged0":9779 is not registered
I20230910 14:13:16.849622   117 HBProcessor.cpp:33] Receive heartbeat from "nebula-storaged0":9779, role = STORAGE
I20230910 14:13:16.849747   117 HBProcessor.cpp:41] Machine "nebula-storaged0":9779 is not registered
I20230910 14:13:23.005681   117 HBProcessor.cpp:33] Receive heartbeat from "nebula-graphd-svc":9669, role = GRAPH
I20230910 14:13:26.853204   117 HBProcessor.cpp:33] Receive heartbeat from "nebula-storaged0":9779, role = STORAGE
I20230910 14:13:26.853359   117 HBProcessor.cpp:41] Machine "nebula-storaged0":9779 is not registered
I20230910 14:13:27.855504   117 HBProcessor.cpp:33] Receive heartbeat from "nebula-storaged0":9779, role = STORAGE
I20230910 14:13:27.855630   117 HBProcessor.cpp:41] Machine "nebula-storaged0":9779 is not registered
I20230910 14:13:28.857517   117 HBProcessor.cpp:33] Receive heartbeat from "nebula-storaged0":9779, role = STORAGE
I20230910 14:13:28.857643   117 HBProcessor.cpp:41] Machine "nebula-storaged0":9779 is not registered
I20230910 14:13:29.859597   117 HBProcessor.cpp:33] Receive heartbeat from "nebula-storaged0":9779, role = STORAGE
I20230910 14:13:29.859743   117 HBProcessor.cpp:41] Machine "nebula-storaged0":9779 is not registered
I20230910 14:13:33.013147   117 HBProcessor.cpp:33] Receive heartbeat from "nebula-graphd-svc":9669, role = GRAPH
I20230910 14:13:39.861479   117 HBProcessor.cpp:33] Receive heartbeat from "nebula-storaged0":9779, role = STORAGE
I20230910 14:13:39.861543   117 HBProcessor.cpp:41] Machine "nebula-storaged0":9779 is not registered
I20230910 14:13:40.863422   117 HBProcessor.cpp:33] Receive heartbeat from "nebula-storaged0":9779, role = STORAGE
I20230910 14:13:40.863575   117 HBProcessor.cpp:41] Machine "nebula-storaged0":9779 is not registered
I20230910 14:13:41.865618   117 HBProcessor.cpp:33] Receive heartbeat from "nebula-storaged0":9779, role = STORAGE
I20230910 14:13:41.865747   117 HBProcessor.cpp:41] Machine "nebula-storaged0":9779 is not registered
I20230910 14:13:42.867938   117 HBProcessor.cpp:33] Receive heartbeat from "nebula-storaged0":9779, role = STORAGE
I20230910 14:13:42.868074   117 HBProcessor.cpp:41] Machine "nebula-storaged0":9779 is not registered
I20230910 14:13:43.023098   117 HBProcessor.cpp:33] Receive heartbeat from "nebula-graphd-svc":9669, role = GRAPH
I20230910 14:13:52.910037   117 HBProcessor.cpp:33] Receive heartbeat from "nebula-storaged0":9779, role = STORAGE
I20230910 14:13:52.910182   117 HBProcessor.cpp:41] Machine "nebula-storaged0":9779 is not registered
I20230910 14:13:53.033524   117 HBProcessor.cpp:33] Receive heartbeat from "nebula-graphd-svc":9669, role = GRAPH
I20230910 14:13:53.912218   117 HBProcessor.cpp:33] Receive heartbeat from "nebula-storaged0":9779, role = STORAGE
I20230910 14:13:53.912348   117 HBProcessor.cpp:41] Machine "nebula-storaged0":9779 is not registered
I20230910 14:13:54.913501   117 HBProcessor.cpp:33] Receive heartbeat from "nebula-storaged0":9779, role = STORAGE
I20230910 14:13:54.913619   117 HBProcessor.cpp:41] Machine "nebula-storaged0":9779 is not registered
I20230910 14:13:55.915131   117 HBProcessor.cpp:33] Receive heartbeat from "nebula-storaged0":9779, role = STORAGE
I20230910 14:13:55.915186   117 HBProcessor.cpp:41] Machine "nebula-storaged0":9779 is not registered
I20230910 14:14:03.043459   117 HBProcessor.cpp:33] Receive heartbeat from "nebula-graphd-svc":9669, role = GRAPH
I20230910 14:14:05.916410   117 HBProcessor.cpp:33] Receive heartbeat from "nebula-storaged0":9779, role = STORAGE
I20230910 14:14:05.916460   117 HBProcessor.cpp:41] Machine "nebula-storaged0":9779 is not registered
I20230910 14:14:06.917850   117 HBProcessor.cpp:33] Receive heartbeat from "nebula-storaged0":9779, role = STORAGE
I20230910 14:14:06.917981   117 HBProcessor.cpp:41] Machine "nebula-storaged0":9779 is not registered
I20230910 14:14:07.919836   117 HBProcessor.cpp:33] Receive heartbeat from "nebula-storaged0":9779, role = STORAGE
I20230910 14:14:07.919909   117 HBProcessor.cpp:41] Machine "nebula-storaged0":9779 is not registered
I20230910 14:14:08.921468   117 HBProcessor.cpp:33] Receive heartbeat from "nebula-storaged0":9779, role = STORAGE
I20230910 14:14:08.921582   117 HBProcessor.cpp:41] Machine "nebula-storaged0":9779 is not registered
I20230910 14:14:13.053517   117 HBProcessor.cpp:33] Receive heartbeat from "nebula-graphd-svc":9669, role = GRAPH
I20230910 14:14:18.924805   117 HBProcessor.cpp:33] Receive heartbeat from "nebula-storaged0":9779, role = STORAGE
I20230910 14:14:18.924973   117 HBProcessor.cpp:41] Machine "nebula-storaged0":9779 is not registered
I20230910 14:14:19.927242   117 HBProcessor.cpp:33] Receive heartbeat from "nebula-storaged0":9779, role = STORAGE
I20230910 14:14:19.927368   117 HBProcessor.cpp:41] Machine "nebula-storaged0":9779 is not registered
I20230910 14:14:20.929158   117 HBProcessor.cpp:33] Receive heartbeat from "nebula-storaged0":9779, role = STORAGE
I20230910 14:14:20.929292   117 HBProcessor.cpp:41] Machine "nebula-storaged0":9779 is not registered
I20230910 14:14:21.931723   117 HBProcessor.cpp:33] Receive heartbeat from "nebula-storaged0":9779, role = STORAGE
I20230910 14:14:21.931861   117 HBProcessor.cpp:41] Machine "nebula-storaged0":9779 is not registered
I20230910 14:14:23.059377   117 HBProcessor.cpp:33] Receive heartbeat from "nebula-graphd-svc":9669, role = GRAPH
I20230910 14:14:31.933447   117 HBProcessor.cpp:33] Receive heartbeat from "nebula-storaged0":9779, role = STORAGE
I20230910 14:14:31.933495   117 HBProcessor.cpp:41] Machine "nebula-storaged0":9779 is not registered
I20230910 14:14:32.935508   117 HBProcessor.cpp:33] Receive heartbeat from "nebula-storaged0":9779, role = STORAGE
I20230910 14:14:32.935668   117 HBProcessor.cpp:41] Machine "nebula-storaged0":9779 is not registered
I20230910 14:14:33.069617   117 HBProcessor.cpp:33] Receive heartbeat from "nebula-graphd-svc":9669, role = GRAPH
I20230910 14:14:33.937628   117 HBProcessor.cpp:33] Receive heartbeat from "nebula-storaged0":9779, role = STORAGE
I20230910 14:14:33.937760   117 HBProcessor.cpp:41] Machine "nebula-storaged0":9779 is not registered
I20230910 14:14:34.939718   117 HBProcessor.cpp:33] Receive heartbeat from "nebula-storaged0":9779, role = STORAGE
I20230910 14:14:34.939864   117 HBProcessor.cpp:41] Machine "nebula-storaged0":9779 is not registered
I20230910 14:14:43.080418   117 HBProcessor.cpp:33] Receive heartbeat from "nebula-graphd-svc":9669, role = GRAPH
I20230910 14:14:44.943125   117 HBProcessor.cpp:33] Receive heartbeat from "nebula-storaged0":9779, role = STORAGE
I20230910 14:14:44.943274   117 HBProcessor.cpp:41] Machine "nebula-storaged0":9779 is not registered
I20230910 14:14:45.944929   117 HBProcessor.cpp:33] Receive heartbeat from "nebula-storaged0":9779, role = STORAGE
I20230910 14:14:45.944993   117 HBProcessor.cpp:41] Machine "nebula-storaged0":9779 is not registered
I20230910 14:14:46.946729   117 HBProcessor.cpp:33] Receive heartbeat from "nebula-storaged0":9779, role = STORAGE
I20230910 14:14:46.946856   117 HBProcessor.cpp:41] Machine "nebula-storaged0":9779 is not registered
I20230910 14:14:47.948864   117 HBProcessor.cpp:33] Receive heartbeat from "nebula-storaged0":9779, role = STORAGE
I20230910 14:14:47.988018   117 HBProcessor.cpp:41] Machine "nebula-storaged0":9779 is not registered
I20230910 14:14:53.089452   117 HBProcessor.cpp:33] Receive heartbeat from "nebula-graphd-svc":9669, role = GRAPH
I20230910 14:14:57.989506   117 HBProcessor.cpp:33] Receive heartbeat from "nebula-storaged0":9779, role = STORAGE
I20230910 14:14:57.989552   117 HBProcessor.cpp:41] Machine "nebula-storaged0":9779 is not registered
I20230910 14:14:58.991294   117 HBProcessor.cpp:33] Receive heartbeat from "nebula-storaged0":9779, role = STORAGE
I20230910 14:14:58.991420   117 HBProcessor.cpp:41] Machine "nebula-storaged0":9779 is not registered
I20230910 14:14:59.993357   117 HBProcessor.cpp:33] Receive heartbeat from "nebula-storaged0":9779, role = STORAGE
I20230910 14:14:59.993474   117 HBProcessor.cpp:41] Machine "nebula-storaged0":9779 is not registered
I20230910 14:15:00.995438   117 HBProcessor.cpp:33] Receive heartbeat from "nebula-storaged0":9779, role = STORAGE
I20230910 14:15:00.995569   117 HBProcessor.cpp:41] Machine "nebula-storaged0":9779 is not registered
I20230910 14:15:03.097474   117 HBProcessor.cpp:33] Receive heartbeat from "nebula-graphd-svc":9669, role = GRAPH
I20230910 14:15:10.997213   117 HBProcessor.cpp:33] Receive heartbeat from "nebula-storaged0":9779, role = STORAGE
I20230910 14:15:10.997257   117 HBProcessor.cpp:41] Machine "nebula-storaged0":9779 is not registered
I20230910 14:15:11.998948   117 HBProcessor.cpp:33] Receive heartbeat from "nebula-storaged0":9779, role = STORAGE
I20230910 14:15:11.999146   117 HBProcessor.cpp:41] Machine "nebula-storaged0":9779 is not registered
I20230910 14:15:13.001124   117 HBProcessor.cpp:33] Receive heartbeat from "nebula-storaged0":9779, role = STORAGE
I20230910 14:15:13.001268   117 HBProcessor.cpp:41] Machine "nebula-storaged0":9779 is not registered
I20230910 14:15:13.108340   117 HBProcessor.cpp:33] Receive heartbeat from "nebula-graphd-svc":9669, role = GRAPH
I20230910 14:15:14.003307   117 HBProcessor.cpp:33] Receive heartbeat from "nebula-storaged0":9779, role = STORAGE
I20230910 14:15:14.003460   117 HBProcessor.cpp:41] Machine "nebula-storaged0":9779 is not registered
I20230910 14:15:23.118163   117 HBProcessor.cpp:33] Receive heartbeat from "nebula-graphd-svc":9669, role = GRAPH
I20230910 14:15:24.006440   117 HBProcessor.cpp:33] Receive heartbeat from "nebula-storaged0":9779, role = STORAGE
I20230910 14:15:24.006554   117 HBProcessor.cpp:41] Machine "nebula-storaged0":9779 is not registered
I20230910 14:15:25.008567   117 HBProcessor.cpp:33] Receive heartbeat from "nebula-storaged0":9779, role = STORAGE
I20230910 14:15:25.008785   117 HBProcessor.cpp:41] Machine "nebula-storaged0":9779 is not registered
I20230910 14:15:26.010840   117 HBProcessor.cpp:33] Receive heartbeat from "nebula-storaged0":9779, role = STORAGE
I20230910 14:15:26.010957   117 HBProcessor.cpp:41] Machine "nebula-storaged0":9779 is not registered
I20230910 14:15:27.013044   117 HBProcessor.cpp:33] Receive heartbeat from "nebula-storaged0":9779, role = STORAGE
I20230910 14:15:27.013173   117 HBProcessor.cpp:41] Machine "nebula-storaged0":9779 is not registered
I20230910 14:15:33.125595   117 HBProcessor.cpp:33] Receive heartbeat from "nebula-graphd-svc":9669, role = GRAPH
I20230910 14:15:37.016489   117 HBProcessor.cpp:33] Receive heartbeat from "nebula-storaged0":9779, role = STORAGE
I20230910 14:15:37.016644   117 HBProcessor.cpp:41] Machine "nebula-storaged0":9779 is not registered
I20230910 14:15:38.017778   117 HBProcessor.cpp:33] Receive heartbeat from "nebula-storaged0":9779, role = STORAGE
I20230910 14:15:38.017907   117 HBProcessor.cpp:41] Machine "nebula-storaged0":9779 is not registered
I20230910 14:15:39.019964   117 HBProcessor.cpp:33] Receive heartbeat from "nebula-storaged0":9779, role = STORAGE
I20230910 14:15:39.020092   117 HBProcessor.cpp:41] Machine "nebula-storaged0":9779 is not registered
I20230910 14:15:40.021562   117 HBProcessor.cpp:33] Receive heartbeat from "nebula-storaged0":9779, role = STORAGE
I20230910 14:15:40.021688   117 HBProcessor.cpp:41] Machine "nebula-storaged0":9779 is not registered
I20230910 14:15:43.137130   117 HBProcessor.cpp:33] Receive heartbeat from "nebula-graphd-svc":9669, role = GRAPH
I20230910 14:15:50.023231   117 HBProcessor.cpp:33] Receive heartbeat from "nebula-storaged0":9779, role = STORAGE
I20230910 14:15:50.023381   117 HBProcessor.cpp:41] Machine "nebula-storaged0":9779 is not registered
I20230910 14:15:51.024979   117 HBProcessor.cpp:33] Receive heartbeat from "nebula-storaged0":9779, role = STORAGE
I20230910 14:15:51.025032   117 HBProcessor.cpp:41] Machine "nebula-storaged0":9779 is not registered
I20230910 14:15:52.025776   117 HBProcessor.cpp:33] Receive heartbeat from "nebula-storaged0":9779, role = STORAGE
I20230910 14:15:52.025933   117 HBProcessor.cpp:41] Machine "nebula-storaged0":9779 is not registered
I20230910 14:15:53.027949   117 HBProcessor.cpp:33] Receive heartbeat from "nebula-storaged0":9779, role = STORAGE
I20230910 14:15:53.028075   117 HBProcessor.cpp:41] Machine "nebula-storaged0":9779 is not registered
I20230910 14:15:53.145308   117 HBProcessor.cpp:33] Receive heartbeat from "nebula-graphd-svc":9669, role = GRAPH
I20230910 14:16:03.029767   117 HBProcessor.cpp:33] Receive heartbeat from "nebula-storaged0":9779, role = STORAGE
I20230910 14:16:03.029917   117 HBProcessor.cpp:41] Machine "nebula-storaged0":9779 is not registered
I20230910 14:16:03.156476   117 HBProcessor.cpp:33] Receive heartbeat from "nebula-graphd-svc":9669, role = GRAPH
I20230910 14:16:04.031842   117 HBProcessor.cpp:33] Receive heartbeat from "nebula-storaged0":9779, role = STORAGE
I20230910 14:16:04.031934   117 HBProcessor.cpp:41] Machine "nebula-storaged0":9779 is not registered
I20230910 14:16:05.033547   117 HBProcessor.cpp:33] Receive heartbeat from "nebula-storaged0":9779, role = STORAGE
I20230910 14:16:05.033680   117 HBProcessor.cpp:41] Machine "nebula-storaged0":9779 is not registered
I20230910 14:16:06.035662   117 HBProcessor.cpp:33] Receive heartbeat from "nebula-storaged0":9779, role = STORAGE
I20230910 14:16:06.035821   117 HBProcessor.cpp:41] Machine "nebula-storaged0":9779 is not registered
I20230910 14:16:13.165515   117 HBProcessor.cpp:33] Receive heartbeat from "nebula-graphd-svc":9669, role = GRAPH
I20230910 14:16:16.037456   117 HBProcessor.cpp:33] Receive heartbeat from "nebula-storaged0":9779, role = STORAGE
I20230910 14:16:16.037580   117 HBProcessor.cpp:41] Machine "nebula-storaged0":9779 is not registered
I20230910 14:16:17.039182   117 HBProcessor.cpp:33] Receive heartbeat from "nebula-storaged0":9779, role = STORAGE
I20230910 14:16:17.039233   117 HBProcessor.cpp:41] Machine "nebula-storaged0":9779 is not registered
I20230910 14:16:18.040221   117 HBProcessor.cpp:33] Receive heartbeat from "nebula-storaged0":9779, role = STORAGE
I20230910 14:16:18.040338   117 HBProcessor.cpp:41] Machine "nebula-storaged0":9779 is not registered
I20230910 14:16:19.041276   117 HBProcessor.cpp:33] Receive heartbeat from "nebula-storaged0":9779, role = STORAGE
I20230910 14:16:19.041391   117 HBProcessor.cpp:41] Machine "nebula-storaged0":9779 is not registered
I20230910 14:16:23.173561   117 HBProcessor.cpp:33] Receive heartbeat from "nebula-graphd-svc":9669, role = GRAPH
I20230910 14:16:29.042807   117 HBProcessor.cpp:33] Receive heartbeat from "nebula-storaged0":9779, role = STORAGE
I20230910 14:16:29.042939   117 HBProcessor.cpp:41] Machine "nebula-storaged0":9779 is not registered
I20230910 14:16:30.044724   117 HBProcessor.cpp:33] Receive heartbeat from "nebula-storaged0":9779, role = STORAGE
I20230910 14:16:30.044785   117 HBProcessor.cpp:41] Machine "nebula-storaged0":9779 is not registered
I20230910 14:16:31.045542   117 HBProcessor.cpp:33] Receive heartbeat from "nebula-storaged0":9779, role = STORAGE
I20230910 14:16:31.045671   117 HBProcessor.cpp:41] Machine "nebula-storaged0":9779 is not registered
I20230910 14:16:32.047680   117 HBProcessor.cpp:33] Receive heartbeat from "nebula-storaged0":9779, role = STORAGE
I20230910 14:16:32.047806   117 HBProcessor.cpp:41] Machine "nebula-storaged0":9779 is not registered
I20230910 14:16:33.181579   117 HBProcessor.cpp:33] Receive heartbeat from "nebula-graphd-svc":9669, role = GRAPH
I20230910 14:16:37.357918   117 HBProcessor.cpp:33] Receive heartbeat from "nebula-storaged0":9779, role = STORAGE
I20230910 14:16:37.357998   117 HBProcessor.cpp:41] Machine "nebula-storaged0":9779 is not registered
I20230910 14:16:38.359377   117 HBProcessor.cpp:33] Receive heartbeat from "nebula-storaged0":9779, role = STORAGE
I20230910 14:16:38.359506   117 HBProcessor.cpp:41] Machine "nebula-storaged0":9779 is not registered
I20230910 14:16:39.361459   117 HBProcessor.cpp:33] Receive heartbeat from "nebula-storaged0":9779, role = STORAGE
I20230910 14:16:39.361577   117 HBProcessor.cpp:41] Machine "nebula-storaged0":9779 is not registered
I20230910 14:16:40.363608   117 HBProcessor.cpp:33] Receive heartbeat from "nebula-storaged0":9779, role = STORAGE
I20230910 14:16:40.363735   117 HBProcessor.cpp:41] Machine "nebula-storaged0":9779 is not registered
I20230910 14:16:40.842669     1 MetaDaemon.cpp:230] Signal 15(Terminated) received, stopping this server
I20230910 14:16:40.844393     1 JobManager.cpp:138] JobManager::shutDown() begin
I20230910 14:16:40.847901   103 JobManager.cpp:155] Detect shutdown called, exit
I20230910 14:16:40.847939   103 JobDescription.cpp:113] Loading job description failed, error: E_JOB_NOT_IN_SPACE
I20230910 14:16:40.847966   103 JobManager.cpp:175] Load an invalid job from space 0 jodId 0
I20230910 14:16:40.848013     1 JobManager.cpp:146] JobManager::shutDown() end
I20230910 14:16:40.848023     1 NebulaStore.cpp:343] Stop the raft service...
I20230910 14:16:40.848029     1 RaftexService.cpp:67] Stopping the raftex service on port 9560
I20230910 14:16:40.848037     1 RaftexService.cpp:77] All partitions have stopped
I20230910 14:16:40.848044     1 NebulaStore.cpp:346] Stop kv engine...
I20230910 14:16:40.848141     1 NebulaStore.cpp:343] Stop the raft service...
I20230910 14:16:40.848150     1 RaftexService.cpp:67] Stopping the raftex service on port 9560
I20230910 14:16:40.848155     1 RaftexService.cpp:77] All partitions have stopped
I20230910 14:16:40.848166     1 NebulaStore.cpp:346] Stop kv engine...
I20230910 14:16:40.848176     1 NebulaStore.cpp:36] Cut off the relationship with meta client
I20230910 14:16:40.848511     1 Part.h:59] [Port: 9560, Space: 0, Part: 0] ~Part()
I20230910 14:16:40.849298     1 RocksEngine.h:247] Release rocksdb on /data/meta/nebula/0
I20230910 14:16:40.849550     1 NebulaStore.cpp:44] ~NebulaStore()
I20230910 14:16:40.849591     1 MetaDaemon.cpp:215] The meta Daemon stopped
I20230910 14:16:40.850450     1 JobManager.cpp:138] JobManager::shutDown() begin
I20230910 14:16:40.850463     1 JobManager.cpp:141] JobManager not running, exit
I20230910 14:29:25.363776     1 MetaDaemon.cpp:137] localhost = "nebula-metad-headless":9559
I20230910 14:29:25.369387     1 NebulaStore.cpp:48] Start the raft service...
I20230910 14:29:25.369772     1 NebulaSnapshotManager.cpp:25] Send snapshot is rate limited to 10485760 for each part by default
I20230910 14:29:25.468937     1 RaftexService.cpp:46] Start raft service on 9560
I20230910 14:29:25.469028     1 NebulaStore.cpp:82] Scan the local path, and init the spaces_
I20230910 14:29:25.469076     1 NebulaStore.cpp:90] Scan path "/data/meta/nebula/0"
I20230910 14:29:25.469095     1 NebulaStore.cpp:292] Init data from partManager for "nebula-metad-headless":9559
I20230910 14:29:25.469113     1 NebulaStore.cpp:417] Create data space 0
I20230910 14:29:25.503315    74 RocksEngine.cpp:107] open rocksdb on /data/meta/nebula/0/data
I20230910 14:29:25.503361    75 EventListener.h:21] Rocksdb start compaction column family: default because of LevelL0FilesNum, status: OK, compacted 4 files into 0, base level is 0, output level is 1
I20230910 14:29:25.517063    75 EventListener.h:35] Rocksdb compaction completed column family: default because of LevelL0FilesNum, status: OK, compacted 4 files into 1, base level is 0, output level is 1
I20230910 14:29:25.520401     1 NebulaStore.cpp:480] Space 0, part 0 has been added, asLearner 0
I20230910 14:29:25.520450     1 NebulaStore.cpp:75] Register handler...
I20230910 14:29:25.520460     1 MetaDaemonInit.cpp:106] Waiting for the leader elected...
I20230910 14:29:25.520469     1 MetaDaemonInit.cpp:118] Leader has not been elected, sleep 1s
I20230910 14:29:26.520987     1 MetaDaemonInit.cpp:153] Get meta version is 4
I20230910 14:29:26.521050     1 MetaDaemonInit.cpp:169] Nebula store init succeeded, clusterId 4092346548590204318
I20230910 14:29:26.521062     1 MetaDaemon.cpp:150] Start http service
I20230910 14:29:26.521322     1 MetaDaemonInit.cpp:226] Starting Meta HTTP Service
I20230910 14:29:26.552284    97 WebService.cpp:124] Web service started on HTTP[19559]
I20230910 14:29:26.556486     1 MetaDaemonInit.cpp:192] Check root user
I20230910 14:29:26.556551     1 RootUserMan.h:35] God user exists
I20230910 14:29:26.562067     1 MetaDaemon.cpp:193] The meta daemon start on "nebula-metad-headless":9559
I20230910 14:29:26.562206     1 JobManager.cpp:64] JobManager initialized
I20230910 14:29:26.563040   103 JobManager.cpp:150] JobManager::scheduleThread enter
I20230910 14:29:27.041471   115 HBProcessor.cpp:33] Receive heartbeat from "nebula-graphd-svc":9669, role = GRAPH
I20230910 14:29:27.041532   115 HBProcessor.cpp:89] Update host "nebula-graphd-svc":9669 dir info, root path: /usr/local/nebula, data path size: 0
I20230910 14:29:27.137218   115 SessionManagerProcessor.cpp:136] resp session size: 0
I20230910 14:29:27.155025   115 SessionManagerProcessor.cpp:136] resp session size: 0
I20230910 14:29:27.413686   115 HBProcessor.cpp:33] Receive heartbeat from "nebula-storaged0":9779, role = STORAGE
I20230910 14:29:27.413733   115 HBProcessor.cpp:41] Machine "nebula-storaged0":9779 is not registered
I20230910 14:29:28.415369   115 HBProcessor.cpp:33] Receive heartbeat from "nebula-storaged0":9779, role = STORAGE
I20230910 14:29:28.415429   115 HBProcessor.cpp:41] Machine "nebula-storaged0":9779 is not registered
I20230910 14:29:29.417038   115 HBProcessor.cpp:33] Receive heartbeat from "nebula-storaged0":9779, role = STORAGE
I20230910 14:29:29.417094   115 HBProcessor.cpp:41] Machine "nebula-storaged0":9779 is not registered
I20230910 14:29:37.318814   115 HBProcessor.cpp:33] Receive heartbeat from "nebula-graphd-svc":9669, role = GRAPH
I20230910 14:29:39.429672   115 HBProcessor.cpp:33] Receive heartbeat from "nebula-storaged0":9779, role = STORAGE
I20230910 14:29:39.429780   115 HBProcessor.cpp:41] Machine "nebula-storaged0":9779 is not registered
I20230910 14:29:40.431322   115 HBProcessor.cpp:33] Receive heartbeat from "nebula-storaged0":9779, role = STORAGE
I20230910 14:29:40.431442   115 HBProcessor.cpp:41] Machine "nebula-storaged0":9779 is not registered
I20230910 14:29:41.433914   115 HBProcessor.cpp:33] Receive heartbeat from "nebula-storaged0":9779, role = STORAGE
I20230910 14:29:41.434037   115 HBProcessor.cpp:41] Machine "nebula-storaged0":9779 is not registered
I20230910 14:29:42.436450   115 HBProcessor.cpp:33] Receive heartbeat from "nebula-storaged0":9779, role = STORAGE
I20230910 14:29:42.436566   115 HBProcessor.cpp:41] Machine "nebula-storaged0":9779 is not registered
I20230910 14:29:47.329808   115 HBProcessor.cpp:33] Receive heartbeat from "nebula-graphd-svc":9669, role = GRAPH
I20230910 14:29:52.440065   115 HBProcessor.cpp:33] Receive heartbeat from "nebula-storaged0":9779, role = STORAGE
I20230910 14:29:52.440189   115 HBProcessor.cpp:41] Machine "nebula-storaged0":9779 is not registered
I20230910 14:29:53.442180   115 HBProcessor.cpp:33] Receive heartbeat from "nebula-storaged0":9779, role = STORAGE
I20230910 14:29:53.442288   115 HBProcessor.cpp:41] Machine "nebula-storaged0":9779 is not registered
I20230910 14:29:54.444766   115 HBProcessor.cpp:33] Receive heartbeat from "nebula-storaged0":9779, role = STORAGE
I20230910 14:29:54.444878   115 HBProcessor.cpp:41] Machine "nebula-storaged0":9779 is not registered
I20230910 14:29:55.447551   115 HBProcessor.cpp:33] Receive heartbeat from "nebula-storaged0":9779, role = STORAGE
I20230910 14:29:55.447664   115 HBProcessor.cpp:41] Machine "nebula-storaged0":9779 is not registered
I20230910 14:29:57.349836   115 HBProcessor.cpp:33] Receive heartbeat from "nebula-graphd-svc":9669, role = GRAPH
I20230910 14:30:05.451682   115 HBProcessor.cpp:33] Receive heartbeat from "nebula-storaged0":9779, role = STORAGE
I20230910 14:30:05.451848   115 HBProcessor.cpp:41] Machine "nebula-storaged0":9779 is not registered
I20230910 14:30:06.481655   115 HBProcessor.cpp:33] Receive heartbeat from "nebula-storaged0":9779, role = STORAGE
I20230910 14:30:06.481770   115 HBProcessor.cpp:41] Machine "nebula-storaged0":9779 is not registered
I20230910 14:30:07.358755   115 HBProcessor.cpp:33] Receive heartbeat from "nebula-graphd-svc":9669, role = GRAPH
I20230910 14:30:07.484212   115 HBProcessor.cpp:33] Receive heartbeat from "nebula-storaged0":9779, role = STORAGE
I20230910 14:30:07.484323   115 HBProcessor.cpp:41] Machine "nebula-storaged0":9779 is not registered
I20230910 14:30:08.485780   115 HBProcessor.cpp:33] Receive heartbeat from "nebula-storaged0":9779, role = STORAGE
I20230910 14:30:08.485870   115 HBProcessor.cpp:41] Machine "nebula-storaged0":9779 is not registered
I20230910 14:30:17.369853   115 HBProcessor.cpp:33] Receive heartbeat from "nebula-graphd-svc":9669, role = GRAPH
I20230910 14:30:18.498405   115 HBProcessor.cpp:33] Receive heartbeat from "nebula-storaged0":9779, role = STORAGE
I20230910 14:30:18.498539   115 HBProcessor.cpp:41] Machine "nebula-storaged0":9779 is not registered
I20230910 14:30:19.499787   115 HBProcessor.cpp:33] Receive heartbeat from "nebula-storaged0":9779, role = STORAGE
I20230910 14:30:19.499905   115 HBProcessor.cpp:41] Machine "nebula-storaged0":9779 is not registered
I20230910 14:30:20.501541   115 HBProcessor.cpp:33] Receive heartbeat from "nebula-storaged0":9779, role = STORAGE
I20230910 14:30:20.501652   115 HBProcessor.cpp:41] Machine "nebula-storaged0":9779 is not registered
I20230910 14:30:21.503525   115 HBProcessor.cpp:33] Receive heartbeat from "nebula-storaged0":9779, role = STORAGE
I20230910 14:30:21.503666   115 HBProcessor.cpp:41] Machine "nebula-storaged0":9779 is not registered
I20230910 14:30:27.381601   115 HBProcessor.cpp:33] Receive heartbeat from "nebula-graphd-svc":9669, role = GRAPH
I20230910 14:30:31.505319   115 HBProcessor.cpp:33] Receive heartbeat from "nebula-storaged0":9779, role = STORAGE
I20230910 14:30:31.505367   115 HBProcessor.cpp:41] Machine "nebula-storaged0":9779 is not registered
I20230910 14:30:32.507066   115 HBProcessor.cpp:33] Receive heartbeat from "nebula-storaged0":9779, role = STORAGE
I20230910 14:30:32.507254   115 HBProcessor.cpp:41] Machine "nebula-storaged0":9779 is not registered
I20230910 14:30:33.508239   115 HBProcessor.cpp:33] Receive heartbeat from "nebula-storaged0":9779, role = STORAGE
I20230910 14:30:33.508281   115 HBProcessor.cpp:41] Machine "nebula-storaged0":9779 is not registered
I20230910 14:30:34.509621   115 HBProcessor.cpp:33] Receive heartbeat from "nebula-storaged0":9779, role = STORAGE
I20230910 14:30:34.509750   115 HBProcessor.cpp:41] Machine "nebula-storaged0":9779 is not registered
I20230910 14:30:34.917667     1 MetaDaemon.cpp:230] Signal 15(Terminated) received, stopping this server
I20230910 14:30:34.921861     1 JobManager.cpp:138] JobManager::shutDown() begin
I20230910 14:30:34.926066   103 JobManager.cpp:155] Detect shutdown called, exit
I20230910 14:30:34.926153   103 JobDescription.cpp:113] Loading job description failed, error: E_JOB_NOT_IN_SPACE
I20230910 14:30:34.926230   103 JobManager.cpp:175] Load an invalid job from space 0 jodId 0
I20230910 14:30:34.926373     1 JobManager.cpp:146] JobManager::shutDown() end
I20230910 14:30:34.926398     1 NebulaStore.cpp:343] Stop the raft service...
I20230910 14:30:34.926410     1 RaftexService.cpp:67] Stopping the raftex service on port 9560
I20230910 14:30:34.926424     1 RaftexService.cpp:77] All partitions have stopped
I20230910 14:30:34.926443     1 NebulaStore.cpp:346] Stop kv engine...
I20230910 14:30:34.926645     1 NebulaStore.cpp:343] Stop the raft service...
I20230910 14:30:34.926671     1 RaftexService.cpp:67] Stopping the raftex service on port 9560
I20230910 14:30:34.926684     1 RaftexService.cpp:77] All partitions have stopped
I20230910 14:30:34.926697     1 NebulaStore.cpp:346] Stop kv engine...
I20230910 14:30:34.926720     1 NebulaStore.cpp:36] Cut off the relationship with meta client
I20230910 14:30:34.927284     1 Part.h:59] [Port: 9560, Space: 0, Part: 0] ~Part()
I20230910 14:30:34.928206     1 RocksEngine.h:247] Release rocksdb on /data/meta/nebula/0
I20230910 14:30:34.928833     1 NebulaStore.cpp:44] ~NebulaStore()
I20230910 14:30:34.928931     1 MetaDaemon.cpp:215] The meta Daemon stopped
I20230910 14:30:34.930390     1 JobManager.cpp:138] JobManager::shutDown() begin
I20230910 14:30:34.930413     1 JobManager.cpp:141] JobManager not running, exit
I20230910 14:34:47.233937     1 MetaDaemon.cpp:137] localhost = "nebula-metad-headless":9559
I20230910 14:34:47.251240     1 NebulaStore.cpp:48] Start the raft service...
I20230910 14:34:47.251585     1 NebulaSnapshotManager.cpp:25] Send snapshot is rate limited to 10485760 for each part by default
I20230910 14:34:47.341326     1 RaftexService.cpp:46] Start raft service on 9560
I20230910 14:34:47.341398     1 NebulaStore.cpp:82] Scan the local path, and init the spaces_
I20230910 14:34:47.341434     1 NebulaStore.cpp:90] Scan path "/data/meta/nebula/0"
I20230910 14:34:47.341450     1 NebulaStore.cpp:292] Init data from partManager for "nebula-metad-headless":9559
I20230910 14:34:47.341465     1 NebulaStore.cpp:417] Create data space 0
I20230910 14:34:47.360442    74 RocksEngine.cpp:107] open rocksdb on /data/meta/nebula/0/data
I20230910 14:34:47.382133     1 NebulaStore.cpp:480] Space 0, part 0 has been added, asLearner 0
I20230910 14:34:47.382169     1 NebulaStore.cpp:75] Register handler...
I20230910 14:34:47.382180     1 MetaDaemonInit.cpp:106] Waiting for the leader elected...
I20230910 14:34:47.382191     1 MetaDaemonInit.cpp:118] Leader has not been elected, sleep 1s
I20230910 14:34:48.386998     1 MetaDaemonInit.cpp:153] Get meta version is 4
I20230910 14:34:48.387048     1 MetaDaemonInit.cpp:169] Nebula store init succeeded, clusterId 4092346548590204318
I20230910 14:34:48.387056     1 MetaDaemon.cpp:150] Start http service
I20230910 14:34:48.387243     1 MetaDaemonInit.cpp:226] Starting Meta HTTP Service
I20230910 14:34:48.391782    97 WebService.cpp:124] Web service started on HTTP[19559]
I20230910 14:34:48.391826     1 MetaDaemonInit.cpp:192] Check root user
I20230910 14:34:48.391876     1 RootUserMan.h:35] God user exists
I20230910 14:34:48.396720     1 MetaDaemon.cpp:193] The meta daemon start on "nebula-metad-headless":9559
I20230910 14:34:48.396875     1 JobManager.cpp:64] JobManager initialized
I20230910 14:34:48.396926   103 JobManager.cpp:150] JobManager::scheduleThread enter
I20230910 14:34:48.843621   116 HBProcessor.cpp:33] Receive heartbeat from "nebula-graphd-svc":9669, role = GRAPH
I20230910 14:34:48.843681   116 HBProcessor.cpp:89] Update host "nebula-graphd-svc":9669 dir info, root path: /usr/local/nebula, data path size: 0
I20230910 14:34:48.898555   116 SessionManagerProcessor.cpp:136] resp session size: 0
I20230910 14:34:48.903009   116 SessionManagerProcessor.cpp:136] resp session size: 0
I20230910 14:34:49.193040   116 HBProcessor.cpp:33] Receive heartbeat from "nebula-storaged0":9779, role = STORAGE
I20230910 14:34:49.193085   116 HBProcessor.cpp:41] Machine "nebula-storaged0":9779 is not registered
I20230910 14:34:50.197141   116 HBProcessor.cpp:33] Receive heartbeat from "nebula-storaged0":9779, role = STORAGE
I20230910 14:34:50.197203   116 HBProcessor.cpp:41] Machine "nebula-storaged0":9779 is not registered
I20230910 14:34:51.198946   116 HBProcessor.cpp:33] Receive heartbeat from "nebula-storaged0":9779, role = STORAGE
I20230910 14:34:51.199005   116 HBProcessor.cpp:41] Machine "nebula-storaged0":9779 is not registered
I20230910 14:34:58.952308   116 HBProcessor.cpp:33] Receive heartbeat from "nebula-graphd-svc":9669, role = GRAPH
I20230910 14:35:01.200666   116 HBProcessor.cpp:33] Receive heartbeat from "nebula-storaged0":9779, role = STORAGE
I20230910 14:35:01.200711   116 HBProcessor.cpp:41] Machine "nebula-storaged0":9779 is not registered
I20230910 14:35:02.203289   116 HBProcessor.cpp:33] Receive heartbeat from "nebula-storaged0":9779, role = STORAGE
I20230910 14:35:02.203409   116 HBProcessor.cpp:41] Machine "nebula-storaged0":9779 is not registered
I20230910 14:35:03.206133   116 HBProcessor.cpp:33] Receive heartbeat from "nebula-storaged0":9779, role = STORAGE
I20230910 14:35:03.206260   116 HBProcessor.cpp:41] Machine "nebula-storaged0":9779 is not registered
I20230910 14:35:04.208374   116 HBProcessor.cpp:33] Receive heartbeat from "nebula-storaged0":9779, role = STORAGE
I20230910 14:35:04.208534   116 HBProcessor.cpp:41] Machine "nebula-storaged0":9779 is not registered
I20230910 14:35:08.961493   116 HBProcessor.cpp:33] Receive heartbeat from "nebula-graphd-svc":9669, role = GRAPH
I20230910 14:35:14.220278   116 HBProcessor.cpp:33] Receive heartbeat from "nebula-storaged0":9779, role = STORAGE
I20230910 14:35:14.220412   116 HBProcessor.cpp:41] Machine "nebula-storaged0":9779 is not registered
I20230910 14:35:15.221578   116 HBProcessor.cpp:33] Receive heartbeat from "nebula-storaged0":9779, role = STORAGE
I20230910 14:35:15.221626   116 HBProcessor.cpp:41] Machine "nebula-storaged0":9779 is not registered
I20230910 14:35:16.223254   116 HBProcessor.cpp:33] Receive heartbeat from "nebula-storaged0":9779, role = STORAGE
I20230910 14:35:16.223296   116 HBProcessor.cpp:41] Machine "nebula-storaged0":9779 is not registered
I20230910 14:35:17.225783   116 HBProcessor.cpp:33] Receive heartbeat from "nebula-storaged0":9779, role = STORAGE
I20230910 14:35:17.225929   116 HBProcessor.cpp:41] Machine "nebula-storaged0":9779 is not registered
I20230910 14:35:18.969157   116 HBProcessor.cpp:33] Receive heartbeat from "nebula-graphd-svc":9669, role = GRAPH
I20230910 14:35:27.229964   116 HBProcessor.cpp:33] Receive heartbeat from "nebula-storaged0":9779, role = STORAGE
I20230910 14:35:27.230099   116 HBProcessor.cpp:41] Machine "nebula-storaged0":9779 is not registered
I20230910 14:35:28.253858   116 HBProcessor.cpp:33] Receive heartbeat from "nebula-storaged0":9779, role = STORAGE
I20230910 14:35:28.253984   116 HBProcessor.cpp:41] Machine "nebula-storaged0":9779 is not registered
I20230910 14:35:28.979211   116 HBProcessor.cpp:33] Receive heartbeat from "nebula-graphd-svc":9669, role = GRAPH
I20230910 14:35:29.256858   116 HBProcessor.cpp:33] Receive heartbeat from "nebula-storaged0":9779, role = STORAGE
I20230910 14:35:29.257046   116 HBProcessor.cpp:41] Machine "nebula-storaged0":9779 is not registered
I20230910 14:35:30.259858   116 HBProcessor.cpp:33] Receive heartbeat from "nebula-storaged0":9779, role = STORAGE
I20230910 14:35:30.259982   116 HBProcessor.cpp:41] Machine "nebula-storaged0":9779 is not registered
I20230910 14:35:38.990121   116 HBProcessor.cpp:33] Receive heartbeat from "nebula-graphd-svc":9669, role = GRAPH
I20230910 14:35:40.261783   116 HBProcessor.cpp:33] Receive heartbeat from "nebula-storaged0":9779, role = STORAGE
I20230910 14:35:40.261848   116 HBProcessor.cpp:41] Machine "nebula-storaged0":9779 is not registered
I20230910 14:35:41.263548   116 HBProcessor.cpp:33] Receive heartbeat from "nebula-storaged0":9779, role = STORAGE
I20230910 14:35:41.263700   116 HBProcessor.cpp:41] Machine "nebula-storaged0":9779 is not registered
I20230910 14:35:42.265506   116 HBProcessor.cpp:33] Receive heartbeat from "nebula-storaged0":9779, role = STORAGE
I20230910 14:35:42.265659   116 HBProcessor.cpp:41] Machine "nebula-storaged0":9779 is not registered
I20230910 14:35:43.267695   116 HBProcessor.cpp:33] Receive heartbeat from "nebula-storaged0":9779, role = STORAGE
I20230910 14:35:43.267822   116 HBProcessor.cpp:41] Machine "nebula-storaged0":9779 is not registered
I20230910 14:35:49.001505   116 HBProcessor.cpp:33] Receive heartbeat from "nebula-graphd-svc":9669, role = GRAPH
I20230910 14:35:53.271107   116 HBProcessor.cpp:33] Receive heartbeat from "nebula-storaged0":9779, role = STORAGE
I20230910 14:35:53.271229   116 HBProcessor.cpp:41] Machine "nebula-storaged0":9779 is not registered
I20230910 14:35:54.273231   116 HBProcessor.cpp:33] Receive heartbeat from "nebula-storaged0":9779, role = STORAGE
I20230910 14:35:54.273360   116 HBProcessor.cpp:41] Machine "nebula-storaged0":9779 is not registered
I20230910 14:35:55.275328   116 HBProcessor.cpp:33] Receive heartbeat from "nebula-storaged0":9779, role = STORAGE
I20230910 14:35:55.275444   116 HBProcessor.cpp:41] Machine "nebula-storaged0":9779 is not registered
I20230910 14:35:56.277125   116 HBProcessor.cpp:33] Receive heartbeat from "nebula-storaged0":9779, role = STORAGE
I20230910 14:35:56.277185   116 HBProcessor.cpp:41] Machine "nebula-storaged0":9779 is not registered
I20230910 14:35:59.009733   116 HBProcessor.cpp:33] Receive heartbeat from "nebula-graphd-svc":9669, role = GRAPH
I20230910 14:36:06.278280   116 HBProcessor.cpp:33] Receive heartbeat from "nebula-storaged0":9779, role = STORAGE
I20230910 14:36:06.278326   116 HBProcessor.cpp:41] Machine "nebula-storaged0":9779 is not registered
I20230910 14:36:07.289710   116 HBProcessor.cpp:33] Receive heartbeat from "nebula-storaged0":9779, role = STORAGE
I20230910 14:36:07.289780   116 HBProcessor.cpp:41] Machine "nebula-storaged0":9779 is not registered
I20230910 14:36:08.291494   116 HBProcessor.cpp:33] Receive heartbeat from "nebula-storaged0":9779, role = STORAGE
I20230910 14:36:08.291611   116 HBProcessor.cpp:41] Machine "nebula-storaged0":9779 is not registered
I20230910 14:36:09.020087   116 HBProcessor.cpp:33] Receive heartbeat from "nebula-graphd-svc":9669, role = GRAPH
I20230910 14:36:09.293412   116 HBProcessor.cpp:33] Receive heartbeat from "nebula-storaged0":9779, role = STORAGE
I20230910 14:36:09.293577   116 HBProcessor.cpp:41] Machine "nebula-storaged0":9779 is not registered
I20230910 14:36:19.030290   116 HBProcessor.cpp:33] Receive heartbeat from "nebula-graphd-svc":9669, role = GRAPH
I20230910 14:36:19.296769   116 HBProcessor.cpp:33] Receive heartbeat from "nebula-storaged0":9779, role = STORAGE
I20230910 14:36:19.296950   116 HBProcessor.cpp:41] Machine "nebula-storaged0":9779 is not registered
I20230910 14:36:20.298884   116 HBProcessor.cpp:33] Receive heartbeat from "nebula-storaged0":9779, role = STORAGE
I20230910 14:36:20.299000   116 HBProcessor.cpp:41] Machine "nebula-storaged0":9779 is not registered
I20230910 14:36:21.300786   116 HBProcessor.cpp:33] Receive heartbeat from "nebula-storaged0":9779, role = STORAGE
I20230910 14:36:21.300899   116 HBProcessor.cpp:41] Machine "nebula-storaged0":9779 is not registered
I20230910 14:36:22.302872   116 HBProcessor.cpp:33] Receive heartbeat from "nebula-storaged0":9779, role = STORAGE
I20230910 14:36:22.302994   116 HBProcessor.cpp:41] Machine "nebula-storaged0":9779 is not registered
I20230910 14:36:29.041668   116 HBProcessor.cpp:33] Receive heartbeat from "nebula-graphd-svc":9669, role = GRAPH
I20230910 14:36:32.306115   116 HBProcessor.cpp:33] Receive heartbeat from "nebula-storaged0":9779, role = STORAGE
I20230910 14:36:32.306267   116 HBProcessor.cpp:41] Machine "nebula-storaged0":9779 is not registered
I20230910 14:36:33.308300   116 HBProcessor.cpp:33] Receive heartbeat from "nebula-storaged0":9779, role = STORAGE
I20230910 14:36:33.308456   116 HBProcessor.cpp:41] Machine "nebula-storaged0":9779 is not registered
I20230910 14:36:34.310271   116 HBProcessor.cpp:33] Receive heartbeat from "nebula-storaged0":9779, role = STORAGE
I20230910 14:36:34.310317   116 HBProcessor.cpp:41] Machine "nebula-storaged0":9779 is not registered
I20230910 14:36:35.312083   116 HBProcessor.cpp:33] Receive heartbeat from "nebula-storaged0":9779, role = STORAGE
I20230910 14:36:35.312217   116 HBProcessor.cpp:41] Machine "nebula-storaged0":9779 is not registered
I20230910 14:36:39.050048   116 HBProcessor.cpp:33] Receive heartbeat from "nebula-graphd-svc":9669, role = GRAPH
I20230910 14:36:45.315421   116 HBProcessor.cpp:33] Receive heartbeat from "nebula-storaged0":9779, role = STORAGE
I20230910 14:36:45.315551   116 HBProcessor.cpp:41] Machine "nebula-storaged0":9779 is not registered
I20230910 14:36:46.317556   116 HBProcessor.cpp:33] Receive heartbeat from "nebula-storaged0":9779, role = STORAGE
I20230910 14:36:46.317680   116 HBProcessor.cpp:41] Machine "nebula-storaged0":9779 is not registered
I20230910 14:36:47.319635   116 HBProcessor.cpp:33] Receive heartbeat from "nebula-storaged0":9779, role = STORAGE
I20230910 14:36:47.319763   116 HBProcessor.cpp:41] Machine "nebula-storaged0":9779 is not registered
I20230910 14:36:48.321542   116 HBProcessor.cpp:33] Receive heartbeat from "nebula-storaged0":9779, role = STORAGE
I20230910 14:36:48.321709   116 HBProcessor.cpp:41] Machine "nebula-storaged0":9779 is not registered
I20230910 14:36:49.061816   116 HBProcessor.cpp:33] Receive heartbeat from "nebula-graphd-svc":9669, role = GRAPH
I20230910 14:36:58.323184   116 HBProcessor.cpp:33] Receive heartbeat from "nebula-storaged0":9779, role = STORAGE
I20230910 14:36:58.323227   116 HBProcessor.cpp:41] Machine "nebula-storaged0":9779 is not registered
I20230910 14:36:59.069583   116 HBProcessor.cpp:33] Receive heartbeat from "nebula-graphd-svc":9669, role = GRAPH
I20230910 14:36:59.324987   116 HBProcessor.cpp:33] Receive heartbeat from "nebula-storaged0":9779, role = STORAGE
I20230910 14:36:59.325110   116 HBProcessor.cpp:41] Machine "nebula-storaged0":9779 is not registered
I20230910 14:37:00.327189   116 HBProcessor.cpp:33] Receive heartbeat from "nebula-storaged0":9779, role = STORAGE
I20230910 14:37:00.327316   116 HBProcessor.cpp:41] Machine "nebula-storaged0":9779 is not registered
I20230910 14:37:01.329257   116 HBProcessor.cpp:33] Receive heartbeat from "nebula-storaged0":9779, role = STORAGE
I20230910 14:37:01.329375   116 HBProcessor.cpp:41] Machine "nebula-storaged0":9779 is not registered
I20230910 14:37:09.080324   116 HBProcessor.cpp:33] Receive heartbeat from "nebula-graphd-svc":9669, role = GRAPH
I20230910 14:37:11.332691   116 HBProcessor.cpp:33] Receive heartbeat from "nebula-storaged0":9779, role = STORAGE
I20230910 14:37:11.332839   116 HBProcessor.cpp:41] Machine "nebula-storaged0":9779 is not registered
I20230910 14:37:12.334990   116 HBProcessor.cpp:33] Receive heartbeat from "nebula-storaged0":9779, role = STORAGE
I20230910 14:37:12.335115   116 HBProcessor.cpp:41] Machine "nebula-storaged0":9779 is not registered
I20230910 14:37:13.333549   116 HBProcessor.cpp:33] Receive heartbeat from "nebula-storaged0":9779, role = STORAGE
I20230910 14:37:13.333683   116 HBProcessor.cpp:41] Machine "nebula-storaged0":9779 is not registered
I20230910 14:37:14.335867   116 HBProcessor.cpp:33] Receive heartbeat from "nebula-storaged0":9779, role = STORAGE
I20230910 14:37:14.336025   116 HBProcessor.cpp:41] Machine "nebula-storaged0":9779 is not registered
I20230910 14:37:19.089673   116 HBProcessor.cpp:33] Receive heartbeat from "nebula-graphd-svc":9669, role = GRAPH
I20230910 14:37:21.597759   116 HBProcessor.cpp:33] Receive heartbeat from "nebula-storaged0":9779, role = STORAGE
I20230910 14:37:21.597903   116 HBProcessor.cpp:41] Machine "nebula-storaged0":9779 is not registered
I20230910 14:37:22.599663   116 HBProcessor.cpp:33] Receive heartbeat from "nebula-storaged0":9779, role = STORAGE
I20230910 14:37:22.599728   116 HBProcessor.cpp:41] Machine "nebula-storaged0":9779 is not registered
I20230910 14:37:23.601763   116 HBProcessor.cpp:33] Receive heartbeat from "nebula-storaged0":9779, role = STORAGE
I20230910 14:37:23.601887   116 HBProcessor.cpp:41] Machine "nebula-storaged0":9779 is not registered
I20230910 14:37:24.604065   116 HBProcessor.cpp:33] Receive heartbeat from "nebula-storaged0":9779, role = STORAGE
I20230910 14:37:24.604192   116 HBProcessor.cpp:41] Machine "nebula-storaged0":9779 is not registered
I20230910 14:37:25.111985     1 MetaDaemon.cpp:230] Signal 15(Terminated) received, stopping this server
I20230910 14:37:25.116813     1 JobManager.cpp:138] JobManager::shutDown() begin
I20230910 14:37:25.117183   103 JobManager.cpp:155] Detect shutdown called, exit
I20230910 14:37:25.117280   103 JobDescription.cpp:113] Loading job description failed, error: E_JOB_NOT_IN_SPACE
I20230910 14:37:25.117362   103 JobManager.cpp:175] Load an invalid job from space 0 jodId 0
I20230910 14:37:25.117507     1 JobManager.cpp:146] JobManager::shutDown() end
I20230910 14:37:25.117545     1 NebulaStore.cpp:343] Stop the raft service...
I20230910 14:37:25.117566     1 RaftexService.cpp:67] Stopping the raftex service on port 9560
I20230910 14:37:25.117588     1 RaftexService.cpp:77] All partitions have stopped
I20230910 14:37:25.117614     1 NebulaStore.cpp:346] Stop kv engine...
I20230910 14:37:25.117858     1 NebulaStore.cpp:343] Stop the raft service...
I20230910 14:37:25.117895     1 RaftexService.cpp:67] Stopping the raftex service on port 9560
I20230910 14:37:25.117933     1 RaftexService.cpp:77] All partitions have stopped
I20230910 14:37:25.117954     1 NebulaStore.cpp:346] Stop kv engine...
I20230910 14:37:25.117990     1 NebulaStore.cpp:36] Cut off the relationship with meta client
I20230910 14:37:25.118919     1 Part.h:59] [Port: 9560, Space: 0, Part: 0] ~Part()
I20230910 14:37:25.119850     1 RocksEngine.h:247] Release rocksdb on /data/meta/nebula/0
I20230910 14:37:25.120612     1 NebulaStore.cpp:44] ~NebulaStore()
I20230910 14:37:25.120695     1 MetaDaemon.cpp:215] The meta Daemon stopped
I20230910 14:37:25.124763     1 JobManager.cpp:138] JobManager::shutDown() begin
I20230910 14:37:25.124804     1 JobManager.cpp:141] JobManager not running, exit
